<?xml version="1.0" encoding="UTF-8"?>
<!-- Generated by org.testng.reporters.JUnitXMLReporter -->
<testsuite ignored="0" hostname="DESKTOP-M37JU9N" failures="0" tests="8" name="Test" time="0.178" errors="0" timestamp="2022-09-27T15:18:46 IST">
  <testcase classname="testng.com.Employee" name="tc1" time="0.021"/>
  <testcase classname="testng.com.Employee" name="tc2" time="0.003"/>
  <testcase classname="testng.com.Employee" name="tc3" time="0.005"/>
  <testcase classname="testng.com.Employee" name="tc4" time="0.004"/>
  <testcase classname="testng.com.Client" name="tc11" time="0.006"/>
  <testcase classname="testng.com.Client" name="tc22" time="0.004"/>
  <testcase classname="testng.com.Client" name="tc33" time="0.004"/>
  <testcase classname="testng.com.Client" name="tc44" time="0.005"/>
</testsuite> <!-- Test -->
