<?xml version="1.0" encoding="UTF-8"?>
<testng-results ignored="0" total="8" passed="8" failed="0" skipped="0">
  <reporter-output>
  </reporter-output>
  <suite started-at="2022-09-27T15:18:46 IST" name="Suite" finished-at="2022-09-27T15:18:46 IST" duration-ms="178">
    <groups>
      <group name="regression">
        <method signature="Client.tc44()[pri:0, instance:testng.com.Client@223aa2f7]" name="tc44" class="testng.com.Client"/>
        <method signature="Employee.tc1()[pri:0, instance:testng.com.Employee@732c2a62]" name="tc1" class="testng.com.Employee"/>
        <method signature="Employee.tc3()[pri:0, instance:testng.com.Employee@732c2a62]" name="tc3" class="testng.com.Employee"/>
      </group> <!-- regression -->
      <group name="cricket">
        <method signature="Client.tc33()[pri:0, instance:testng.com.Client@223aa2f7]" name="tc33" class="testng.com.Client"/>
        <method signature="Employee.tc1()[pri:0, instance:testng.com.Employee@732c2a62]" name="tc1" class="testng.com.Employee"/>
        <method signature="Employee.tc4()[pri:0, instance:testng.com.Employee@732c2a62]" name="tc4" class="testng.com.Employee"/>
      </group> <!-- cricket -->
      <group name="smoke">
        <method signature="Client.tc11()[pri:0, instance:testng.com.Client@223aa2f7]" name="tc11" class="testng.com.Client"/>
        <method signature="Employee.tc2()[pri:0, instance:testng.com.Employee@732c2a62]" name="tc2" class="testng.com.Employee"/>
      </group> <!-- smoke -->
      <group name="sanity">
        <method signature="Client.tc22()[pri:0, instance:testng.com.Client@223aa2f7]" name="tc22" class="testng.com.Client"/>
        <method signature="Client.tc33()[pri:0, instance:testng.com.Client@223aa2f7]" name="tc33" class="testng.com.Client"/>
        <method signature="Employee.tc4()[pri:0, instance:testng.com.Employee@732c2a62]" name="tc4" class="testng.com.Employee"/>
      </group> <!-- sanity -->
    </groups>
    <test started-at="2022-09-27T15:18:46 IST" name="Test" finished-at="2022-09-27T15:18:46 IST" duration-ms="178">
      <class name="testng.com.Client">
        <test-method signature="tc11()[pri:0, instance:testng.com.Client@223aa2f7]" started-at="2022-09-27T15:18:46 IST" name="tc11" finished-at="2022-09-27T15:18:46 IST" duration-ms="6" status="PASS">
          <reporter-output>
          </reporter-output>
        </test-method> <!-- tc11 -->
        <test-method signature="tc22()[pri:0, instance:testng.com.Client@223aa2f7]" started-at="2022-09-27T15:18:46 IST" name="tc22" finished-at="2022-09-27T15:18:46 IST" duration-ms="4" status="PASS">
          <reporter-output>
          </reporter-output>
        </test-method> <!-- tc22 -->
        <test-method signature="tc33()[pri:0, instance:testng.com.Client@223aa2f7]" started-at="2022-09-27T15:18:46 IST" name="tc33" finished-at="2022-09-27T15:18:46 IST" duration-ms="4" status="PASS">
          <reporter-output>
          </reporter-output>
        </test-method> <!-- tc33 -->
        <test-method signature="tc44()[pri:0, instance:testng.com.Client@223aa2f7]" started-at="2022-09-27T15:18:46 IST" name="tc44" finished-at="2022-09-27T15:18:46 IST" duration-ms="5" status="PASS">
          <reporter-output>
          </reporter-output>
        </test-method> <!-- tc44 -->
      </class> <!-- testng.com.Client -->
      <class name="testng.com.Employee">
        <test-method signature="tc1()[pri:0, instance:testng.com.Employee@732c2a62]" started-at="2022-09-27T15:18:46 IST" name="tc1" finished-at="2022-09-27T15:18:46 IST" duration-ms="21" status="PASS">
          <reporter-output>
          </reporter-output>
        </test-method> <!-- tc1 -->
        <test-method signature="tc2()[pri:0, instance:testng.com.Employee@732c2a62]" started-at="2022-09-27T15:18:46 IST" name="tc2" finished-at="2022-09-27T15:18:46 IST" duration-ms="3" status="PASS">
          <reporter-output>
          </reporter-output>
        </test-method> <!-- tc2 -->
        <test-method signature="tc3()[pri:0, instance:testng.com.Employee@732c2a62]" started-at="2022-09-27T15:18:46 IST" name="tc3" finished-at="2022-09-27T15:18:46 IST" duration-ms="5" status="PASS">
          <reporter-output>
          </reporter-output>
        </test-method> <!-- tc3 -->
        <test-method signature="tc4()[pri:0, instance:testng.com.Employee@732c2a62]" started-at="2022-09-27T15:18:46 IST" name="tc4" finished-at="2022-09-27T15:18:46 IST" duration-ms="4" status="PASS">
          <reporter-output>
          </reporter-output>
        </test-method> <!-- tc4 -->
      </class> <!-- testng.com.Employee -->
    </test> <!-- Test -->
  </suite> <!-- Suite -->
</testng-results>
