<?xml version="1.0" encoding="UTF-8"?>
<!-- Generated by org.testng.reporters.JUnitReportReporter -->
<testsuite hostname="DESKTOP-M37JU9N" failures="0" tests="3" name="testng.com.TestngAssert" time="16.521" errors="2" timestamp="2022-09-27T11:37:29 IST" skipped="0">
  <testcase classname="testng.com.TestngAssert" name="tc3" time="4.179">
    <error type="java.lang.StackOverflowError">
      <![CDATA[java.lang.StackOverflowError
at org.utilities.LoginPojo.getSearch(LoginPojo.java:40)
at org.utilities.LoginPojo.getSearch(LoginPojo.java:40)
at org.utilities.LoginPojo.getSearch(LoginPojo.java:40)
at org.utilities.LoginPojo.getSearch(LoginPojo.java:40)
at org.utilities.LoginPojo.getSearch(LoginPojo.java:40)
at org.utilities.LoginPojo.getSearch(LoginPojo.java:40)
at org.utilities.LoginPojo.getSearch(LoginPojo.java:40)
at org.utilities.LoginPojo.getSearch(LoginPojo.java:40)
at org.utilities.LoginPojo.getSearch(LoginPojo.java:40)
at org.utilities.LoginPojo.getSearch(LoginPojo.java:40)
at org.utilities.LoginPojo.getSearch(LoginPojo.java:40)
at org.utilities.LoginPojo.getSearch(LoginPojo.java:40)
at org.utilities.LoginPojo.getSearch(LoginPojo.java:40)
at org.utilities.LoginPojo.getSearch(LoginPojo.java:40)
at org.utilities.LoginPojo.getSearch(LoginPojo.java:40)
at org.utilities.LoginPojo.getSearch(LoginPojo.java:40)
at org.utilities.LoginPojo.getSearch(LoginPojo.java:40)
at org.utilities.LoginPojo.getSearch(LoginPojo.java:40)
at org.utilities.LoginPojo.getSearch(LoginPojo.java:40)
at org.utilities.LoginPojo.getSearch(LoginPojo.java:40)
at org.utilities.LoginPojo.getSearch(LoginPojo.java:40)
at org.utilities.LoginPojo.getSearch(LoginPojo.java:40)
at org.utilities.LoginPojo.getSearch(LoginPojo.java:40)
at org.utilities.LoginPojo.getSearch(LoginPojo.java:40)
at org.utilities.LoginPojo.getSearch(LoginPojo.java:40)
at org.utilities.LoginPojo.getSearch(LoginPojo.java:40)
at org.utilities.LoginPojo.getSearch(LoginPojo.java:40)
at org.utilities.LoginPojo.getSearch(LoginPojo.java:40)
at org.utilities.LoginPojo.getSearch(LoginPojo.java:40)
at org.utilities.LoginPojo.getSearch(LoginPojo.java:40)
at org.utilities.LoginPojo.getSearch(LoginPojo.java:40)
at org.utilities.LoginPojo.getSearch(LoginPojo.java:40)
at org.utilities.LoginPojo.getSearch(LoginPojo.java:40)
at org.utilities.LoginPojo.getSearch(LoginPojo.java:40)
at org.utilities.LoginPojo.getSearch(LoginPojo.java:40)
at org.utilities.LoginPojo.getSearch(LoginPojo.java:40)
at org.utilities.LoginPojo.getSearch(LoginPojo.java:40)
at org.utilities.LoginPojo.getSearch(LoginPojo.java:40)
at org.utilities.LoginPojo.getSearch(LoginPojo.java:40)
at org.utilities.LoginPojo.getSearch(LoginPojo.java:40)
at org.utilities.LoginPojo.getSearch(LoginPojo.java:40)
at org.utilities.LoginPojo.getSearch(LoginPojo.java:40)
at org.utilities.LoginPojo.getSearch(LoginPojo.java:40)
at org.utilities.LoginPojo.getSearch(LoginPojo.java:40)
at org.utilities.LoginPojo.getSearch(LoginPojo.java:40)
at org.utilities.LoginPojo.getSearch(LoginPojo.java:40)
at org.utilities.LoginPojo.getSearch(LoginPojo.java:40)
at org.utilities.LoginPojo.getSearch(LoginPojo.java:40)
at org.utilities.LoginPojo.getSearch(LoginPojo.java:40)
at org.utilities.LoginPojo.getSearch(LoginPojo.java:40)
at org.utilities.LoginPojo.getSearch(LoginPojo.java:40)
at org.utilities.LoginPojo.getSearch(LoginPojo.java:40)
at org.utilities.LoginPojo.getSearch(LoginPojo.java:40)
at org.utilities.LoginPojo.getSearch(LoginPojo.java:40)
at org.utilities.LoginPojo.getSearch(LoginPojo.java:40)
at org.utilities.LoginPojo.getSearch(LoginPojo.java:40)
at org.utilities.LoginPojo.getSearch(LoginPojo.java:40)
at org.utilities.LoginPojo.getSearch(LoginPojo.java:40)
at org.utilities.LoginPojo.getSearch(LoginPojo.java:40)
at org.utilities.LoginPojo.getSearch(LoginPojo.java:40)
at org.utilities.LoginPojo.getSearch(LoginPojo.java:40)
at org.utilities.LoginPojo.getSearch(LoginPojo.java:40)
at org.utilities.LoginPojo.getSearch(LoginPojo.java:40)
at org.utilities.LoginPojo.getSearch(LoginPojo.java:40)
at org.utilities.LoginPojo.getSearch(LoginPojo.java:40)
at org.utilities.LoginPojo.getSearch(LoginPojo.java:40)
at org.utilities.LoginPojo.getSearch(LoginPojo.java:40)
at org.utilities.LoginPojo.getSearch(LoginPojo.java:40)
at org.utilities.LoginPojo.getSearch(LoginPojo.java:40)
at org.utilities.LoginPojo.getSearch(LoginPojo.java:40)
at org.utilities.LoginPojo.getSearch(LoginPojo.java:40)
at org.utilities.LoginPojo.getSearch(LoginPojo.java:40)
at org.utilities.LoginPojo.getSearch(LoginPojo.java:40)
at org.utilities.LoginPojo.getSearch(LoginPojo.java:40)
at org.utilities.LoginPojo.getSearch(LoginPojo.java:40)
at org.utilities.LoginPojo.getSearch(LoginPojo.java:40)
at org.utilities.LoginPojo.getSearch(LoginPojo.java:40)
at org.utilities.LoginPojo.getSearch(LoginPojo.java:40)
at org.utilities.LoginPojo.getSearch(LoginPojo.java:40)
at org.utilities.LoginPojo.getSearch(LoginPojo.java:40)
at org.utilities.LoginPojo.getSearch(LoginPojo.java:40)
at org.utilities.LoginPojo.getSearch(LoginPojo.java:40)
at org.utilities.LoginPojo.getSearch(LoginPojo.java:40)
at org.utilities.LoginPojo.getSearch(LoginPojo.java:40)
at org.utilities.LoginPojo.getSearch(LoginPojo.java:40)
at org.utilities.LoginPojo.getSearch(LoginPojo.java:40)
at org.utilities.LoginPojo.getSearch(LoginPojo.java:40)
at org.utilities.LoginPojo.getSearch(LoginPojo.java:40)
at org.utilities.LoginPojo.getSearch(LoginPojo.java:40)
at org.utilities.LoginPojo.getSearch(LoginPojo.java:40)
at org.utilities.LoginPojo.getSearch(LoginPojo.java:40)
at org.utilities.LoginPojo.getSearch(LoginPojo.java:40)
at org.utilities.LoginPojo.getSearch(LoginPojo.java:40)
at org.utilities.LoginPojo.getSearch(LoginPojo.java:40)
at org.utilities.LoginPojo.getSearch(LoginPojo.java:40)
at org.utilities.LoginPojo.getSearch(LoginPojo.java:40)
at org.utilities.LoginPojo.getSearch(LoginPojo.java:40)
at org.utilities.LoginPojo.getSearch(LoginPojo.java:40)
at org.utilities.LoginPojo.getSearch(LoginPojo.java:40)
at org.utilities.LoginPojo.getSearch(LoginPojo.java:40)
at org.utilities.LoginPojo.getSearch(LoginPojo.java:40)
at org.utilities.LoginPojo.getSearch(LoginPojo.java:40)
at org.utilities.LoginPojo.getSearch(LoginPojo.java:40)
at org.utilities.LoginPojo.getSearch(LoginPojo.java:40)
at org.utilities.LoginPojo.getSearch(LoginPojo.java:40)
at org.utilities.LoginPojo.getSearch(LoginPojo.java:40)
at org.utilities.LoginPojo.getSearch(LoginPojo.java:40)
at org.utilities.LoginPojo.getSearch(LoginPojo.java:40)
at org.utilities.LoginPojo.getSearch(LoginPojo.java:40)
at org.utilities.LoginPojo.getSearch(LoginPojo.java:40)
at org.utilities.LoginPojo.getSearch(LoginPojo.java:40)
at org.utilities.LoginPojo.getSearch(LoginPojo.java:40)
at org.utilities.LoginPojo.getSearch(LoginPojo.java:40)
at org.utilities.LoginPojo.getSearch(LoginPojo.java:40)
at org.utilities.LoginPojo.getSearch(LoginPojo.java:40)
at org.utilities.LoginPojo.getSearch(LoginPojo.java:40)
at org.utilities.LoginPojo.getSearch(LoginPojo.java:40)
at org.utilities.LoginPojo.getSearch(LoginPojo.java:40)
at org.utilities.LoginPojo.getSearch(LoginPojo.java:40)
at org.utilities.LoginPojo.getSearch(LoginPojo.java:40)
at org.utilities.LoginPojo.getSearch(LoginPojo.java:40)
at org.utilities.LoginPojo.getSearch(LoginPojo.java:40)
at org.utilities.LoginPojo.getSearch(LoginPojo.java:40)
at org.utilities.LoginPojo.getSearch(LoginPojo.java:40)
at org.utilities.LoginPojo.getSearch(LoginPojo.java:40)
at org.utilities.LoginPojo.getSearch(LoginPojo.java:40)
at org.utilities.LoginPojo.getSearch(LoginPojo.java:40)
at org.utilities.LoginPojo.getSearch(LoginPojo.java:40)
at org.utilities.LoginPojo.getSearch(LoginPojo.java:40)
at org.utilities.LoginPojo.getSearch(LoginPojo.java:40)
at org.utilities.LoginPojo.getSearch(LoginPojo.java:40)
at org.utilities.LoginPojo.getSearch(LoginPojo.java:40)
at org.utilities.LoginPojo.getSearch(LoginPojo.java:40)
at org.utilities.LoginPojo.getSearch(LoginPojo.java:40)
at org.utilities.LoginPojo.getSearch(LoginPojo.java:40)
at org.utilities.LoginPojo.getSearch(LoginPojo.java:40)
at org.utilities.LoginPojo.getSearch(LoginPojo.java:40)
at org.utilities.LoginPojo.getSearch(LoginPojo.java:40)
at org.utilities.LoginPojo.getSearch(LoginPojo.java:40)
at org.utilities.LoginPojo.getSearch(LoginPojo.java:40)
at org.utilities.LoginPojo.getSearch(LoginPojo.java:40)
at org.utilities.LoginPojo.getSearch(LoginPojo.java:40)
at org.utilities.LoginPojo.getSearch(LoginPojo.java:40)
at org.utilities.LoginPojo.getSearch(LoginPojo.java:40)
at org.utilities.LoginPojo.getSearch(LoginPojo.java:40)
at org.utilities.LoginPojo.getSearch(LoginPojo.java:40)
at org.utilities.LoginPojo.getSearch(LoginPojo.java:40)
at org.utilities.LoginPojo.getSearch(LoginPojo.java:40)
at org.utilities.LoginPojo.getSearch(LoginPojo.java:40)
at org.utilities.LoginPojo.getSearch(LoginPojo.java:40)
at org.utilities.LoginPojo.getSearch(LoginPojo.java:40)
at org.utilities.LoginPojo.getSearch(LoginPojo.java:40)
at org.utilities.LoginPojo.getSearch(LoginPojo.java:40)
at org.utilities.LoginPojo.getSearch(LoginPojo.java:40)
at org.utilities.LoginPojo.getSearch(LoginPojo.java:40)
at org.utilities.LoginPojo.getSearch(LoginPojo.java:40)
at org.utilities.LoginPojo.getSearch(LoginPojo.java:40)
at org.utilities.LoginPojo.getSearch(LoginPojo.java:40)
at org.utilities.LoginPojo.getSearch(LoginPojo.java:40)
at org.utilities.LoginPojo.getSearch(LoginPojo.java:40)
at org.utilities.LoginPojo.getSearch(LoginPojo.java:40)
at org.utilities.LoginPojo.getSearch(LoginPojo.java:40)
at org.utilities.LoginPojo.getSearch(LoginPojo.java:40)
at org.utilities.LoginPojo.getSearch(LoginPojo.java:40)
at org.utilities.LoginPojo.getSearch(LoginPojo.java:40)
at org.utilities.LoginPojo.getSearch(LoginPojo.java:40)
at org.utilities.LoginPojo.getSearch(LoginPojo.java:40)
at org.utilities.LoginPojo.getSearch(LoginPojo.java:40)
at org.utilities.LoginPojo.getSearch(LoginPojo.java:40)
at org.utilities.LoginPojo.getSearch(LoginPojo.java:40)
at org.utilities.LoginPojo.getSearch(LoginPojo.java:40)
at org.utilities.LoginPojo.getSearch(LoginPojo.java:40)
at org.utilities.LoginPojo.getSearch(LoginPojo.java:40)
at org.utilities.LoginPojo.getSearch(LoginPojo.java:40)
at org.utilities.LoginPojo.getSearch(LoginPojo.java:40)
at org.utilities.LoginPojo.getSearch(LoginPojo.java:40)
at org.utilities.LoginPojo.getSearch(LoginPojo.java:40)
at org.utilities.LoginPojo.getSearch(LoginPojo.java:40)
at org.utilities.LoginPojo.getSearch(LoginPojo.java:40)
at org.utilities.LoginPojo.getSearch(LoginPojo.java:40)
at org.utilities.LoginPojo.getSearch(LoginPojo.java:40)
at org.utilities.LoginPojo.getSearch(LoginPojo.java:40)
at org.utilities.LoginPojo.getSearch(LoginPojo.java:40)
at org.utilities.LoginPojo.getSearch(LoginPojo.java:40)
at org.utilities.LoginPojo.getSearch(LoginPojo.java:40)
at org.utilities.LoginPojo.getSearch(LoginPojo.java:40)
at org.utilities.LoginPojo.getSearch(LoginPojo.java:40)
at org.utilities.LoginPojo.getSearch(LoginPojo.java:40)
at org.utilities.LoginPojo.getSearch(LoginPojo.java:40)
at org.utilities.LoginPojo.getSearch(LoginPojo.java:40)
at org.utilities.LoginPojo.getSearch(LoginPojo.java:40)
at org.utilities.LoginPojo.getSearch(LoginPojo.java:40)
at org.utilities.LoginPojo.getSearch(LoginPojo.java:40)
at org.utilities.LoginPojo.getSearch(LoginPojo.java:40)
at org.utilities.LoginPojo.getSearch(LoginPojo.java:40)
at org.utilities.LoginPojo.getSearch(LoginPojo.java:40)
at org.utilities.LoginPojo.getSearch(LoginPojo.java:40)
at org.utilities.LoginPojo.getSearch(LoginPojo.java:40)
at org.utilities.LoginPojo.getSearch(LoginPojo.java:40)
at org.utilities.LoginPojo.getSearch(LoginPojo.java:40)
at org.utilities.LoginPojo.getSearch(LoginPojo.java:40)
at org.utilities.LoginPojo.getSearch(LoginPojo.java:40)
at org.utilities.LoginPojo.getSearch(LoginPojo.java:40)
at org.utilities.LoginPojo.getSearch(LoginPojo.java:40)
at org.utilities.LoginPojo.getSearch(LoginPojo.java:40)
at org.utilities.LoginPojo.getSearch(LoginPojo.java:40)
at org.utilities.LoginPojo.getSearch(LoginPojo.java:40)
at org.utilities.LoginPojo.getSearch(LoginPojo.java:40)
at org.utilities.LoginPojo.getSearch(LoginPojo.java:40)
at org.utilities.LoginPojo.getSearch(LoginPojo.java:40)
at org.utilities.LoginPojo.getSearch(LoginPojo.java:40)
at org.utilities.LoginPojo.getSearch(LoginPojo.java:40)
at org.utilities.LoginPojo.getSearch(LoginPojo.java:40)
at org.utilities.LoginPojo.getSearch(LoginPojo.java:40)
at org.utilities.LoginPojo.getSearch(LoginPojo.java:40)
at org.utilities.LoginPojo.getSearch(LoginPojo.java:40)
at org.utilities.LoginPojo.getSearch(LoginPojo.java:40)
at org.utilities.LoginPojo.getSearch(LoginPojo.java:40)
at org.utilities.LoginPojo.getSearch(LoginPojo.java:40)
at org.utilities.LoginPojo.getSearch(LoginPojo.java:40)
at org.utilities.LoginPojo.getSearch(LoginPojo.java:40)
at org.utilities.LoginPojo.getSearch(LoginPojo.java:40)
at org.utilities.LoginPojo.getSearch(LoginPojo.java:40)
at org.utilities.LoginPojo.getSearch(LoginPojo.java:40)
at org.utilities.LoginPojo.getSearch(LoginPojo.java:40)
at org.utilities.LoginPojo.getSearch(LoginPojo.java:40)
at org.utilities.LoginPojo.getSearch(LoginPojo.java:40)
at org.utilities.LoginPojo.getSearch(LoginPojo.java:40)
at org.utilities.LoginPojo.getSearch(LoginPojo.java:40)
at org.utilities.LoginPojo.getSearch(LoginPojo.java:40)
at org.utilities.LoginPojo.getSearch(LoginPojo.java:40)
at org.utilities.LoginPojo.getSearch(LoginPojo.java:40)
at org.utilities.LoginPojo.getSearch(LoginPojo.java:40)
at org.utilities.LoginPojo.getSearch(LoginPojo.java:40)
at org.utilities.LoginPojo.getSearch(LoginPojo.java:40)
at org.utilities.LoginPojo.getSearch(LoginPojo.java:40)
at org.utilities.LoginPojo.getSearch(LoginPojo.java:40)
at org.utilities.LoginPojo.getSearch(LoginPojo.java:40)
at org.utilities.LoginPojo.getSearch(LoginPojo.java:40)
at org.utilities.LoginPojo.getSearch(LoginPojo.java:40)
at org.utilities.LoginPojo.getSearch(LoginPojo.java:40)
at org.utilities.LoginPojo.getSearch(LoginPojo.java:40)
at org.utilities.LoginPojo.getSearch(LoginPojo.java:40)
at org.utilities.LoginPojo.getSearch(LoginPojo.java:40)
at org.utilities.LoginPojo.getSearch(LoginPojo.java:40)
at org.utilities.LoginPojo.getSearch(LoginPojo.java:40)
at org.utilities.LoginPojo.getSearch(LoginPojo.java:40)
at org.utilities.LoginPojo.getSearch(LoginPojo.java:40)
at org.utilities.LoginPojo.getSearch(LoginPojo.java:40)
at org.utilities.LoginPojo.getSearch(LoginPojo.java:40)
at org.utilities.LoginPojo.getSearch(LoginPojo.java:40)
at org.utilities.LoginPojo.getSearch(LoginPojo.java:40)
at org.utilities.LoginPojo.getSearch(LoginPojo.java:40)
at org.utilities.LoginPojo.getSearch(LoginPojo.java:40)
at org.utilities.LoginPojo.getSearch(LoginPojo.java:40)
at org.utilities.LoginPojo.getSearch(LoginPojo.java:40)
at org.utilities.LoginPojo.getSearch(LoginPojo.java:40)
at org.utilities.LoginPojo.getSearch(LoginPojo.java:40)
at org.utilities.LoginPojo.getSearch(LoginPojo.java:40)
at org.utilities.LoginPojo.getSearch(LoginPojo.java:40)
at org.utilities.LoginPojo.getSearch(LoginPojo.java:40)
at org.utilities.LoginPojo.getSearch(LoginPojo.java:40)
at org.utilities.LoginPojo.getSearch(LoginPojo.java:40)
at org.utilities.LoginPojo.getSearch(LoginPojo.java:40)
at org.utilities.LoginPojo.getSearch(LoginPojo.java:40)
at org.utilities.LoginPojo.getSearch(LoginPojo.java:40)
at org.utilities.LoginPojo.getSearch(LoginPojo.java:40)
at org.utilities.LoginPojo.getSearch(LoginPojo.java:40)
at org.utilities.LoginPojo.getSearch(LoginPojo.java:40)
at org.utilities.LoginPojo.getSearch(LoginPojo.java:40)
at org.utilities.LoginPojo.getSearch(LoginPojo.java:40)
at org.utilities.LoginPojo.getSearch(LoginPojo.java:40)
at org.utilities.LoginPojo.getSearch(LoginPojo.java:40)
at org.utilities.LoginPojo.getSearch(LoginPojo.java:40)
at org.utilities.LoginPojo.getSearch(LoginPojo.java:40)
at org.utilities.LoginPojo.getSearch(LoginPojo.java:40)
at org.utilities.LoginPojo.getSearch(LoginPojo.java:40)
at org.utilities.LoginPojo.getSearch(LoginPojo.java:40)
at org.utilities.LoginPojo.getSearch(LoginPojo.java:40)
at org.utilities.LoginPojo.getSearch(LoginPojo.java:40)
at org.utilities.LoginPojo.getSearch(LoginPojo.java:40)
at org.utilities.LoginPojo.getSearch(LoginPojo.java:40)
at org.utilities.LoginPojo.getSearch(LoginPojo.java:40)
at org.utilities.LoginPojo.getSearch(LoginPojo.java:40)
at org.utilities.LoginPojo.getSearch(LoginPojo.java:40)
at org.utilities.LoginPojo.getSearch(LoginPojo.java:40)
at org.utilities.LoginPojo.getSearch(LoginPojo.java:40)
at org.utilities.LoginPojo.getSearch(LoginPojo.java:40)
at org.utilities.LoginPojo.getSearch(LoginPojo.java:40)
at org.utilities.LoginPojo.getSearch(LoginPojo.java:40)
at org.utilities.LoginPojo.getSearch(LoginPojo.java:40)
at org.utilities.LoginPojo.getSearch(LoginPojo.java:40)
at org.utilities.LoginPojo.getSearch(LoginPojo.java:40)
at org.utilities.LoginPojo.getSearch(LoginPojo.java:40)
at org.utilities.LoginPojo.getSearch(LoginPojo.java:40)
at org.utilities.LoginPojo.getSearch(LoginPojo.java:40)
at org.utilities.LoginPojo.getSearch(LoginPojo.java:40)
at org.utilities.LoginPojo.getSearch(LoginPojo.java:40)
at org.utilities.LoginPojo.getSearch(LoginPojo.java:40)
at org.utilities.LoginPojo.getSearch(LoginPojo.java:40)
at org.utilities.LoginPojo.getSearch(LoginPojo.java:40)
at org.utilities.LoginPojo.getSearch(LoginPojo.java:40)
at org.utilities.LoginPojo.getSearch(LoginPojo.java:40)
at org.utilities.LoginPojo.getSearch(LoginPojo.java:40)
at org.utilities.LoginPojo.getSearch(LoginPojo.java:40)
at org.utilities.LoginPojo.getSearch(LoginPojo.java:40)
at org.utilities.LoginPojo.getSearch(LoginPojo.java:40)
at org.utilities.LoginPojo.getSearch(LoginPojo.java:40)
at org.utilities.LoginPojo.getSearch(LoginPojo.java:40)
at org.utilities.LoginPojo.getSearch(LoginPojo.java:40)
at org.utilities.LoginPojo.getSearch(LoginPojo.java:40)
at org.utilities.LoginPojo.getSearch(LoginPojo.java:40)
at org.utilities.LoginPojo.getSearch(LoginPojo.java:40)
at org.utilities.LoginPojo.getSearch(LoginPojo.java:40)
at org.utilities.LoginPojo.getSearch(LoginPojo.java:40)
at org.utilities.LoginPojo.getSearch(LoginPojo.java:40)
at org.utilities.LoginPojo.getSearch(LoginPojo.java:40)
at org.utilities.LoginPojo.getSearch(LoginPojo.java:40)
at org.utilities.LoginPojo.getSearch(LoginPojo.java:40)
at org.utilities.LoginPojo.getSearch(LoginPojo.java:40)
at org.utilities.LoginPojo.getSearch(LoginPojo.java:40)
at org.utilities.LoginPojo.getSearch(LoginPojo.java:40)
at org.utilities.LoginPojo.getSearch(LoginPojo.java:40)
at org.utilities.LoginPojo.getSearch(LoginPojo.java:40)
at org.utilities.LoginPojo.getSearch(LoginPojo.java:40)
at org.utilities.LoginPojo.getSearch(LoginPojo.java:40)
at org.utilities.LoginPojo.getSearch(LoginPojo.java:40)
at org.utilities.LoginPojo.getSearch(LoginPojo.java:40)
at org.utilities.LoginPojo.getSearch(LoginPojo.java:40)
at org.utilities.LoginPojo.getSearch(LoginPojo.java:40)
at org.utilities.LoginPojo.getSearch(LoginPojo.java:40)
at org.utilities.LoginPojo.getSearch(LoginPojo.java:40)
at org.utilities.LoginPojo.getSearch(LoginPojo.java:40)
at org.utilities.LoginPojo.getSearch(LoginPojo.java:40)
at org.utilities.LoginPojo.getSearch(LoginPojo.java:40)
at org.utilities.LoginPojo.getSearch(LoginPojo.java:40)
at org.utilities.LoginPojo.getSearch(LoginPojo.java:40)
at org.utilities.LoginPojo.getSearch(LoginPojo.java:40)
at org.utilities.LoginPojo.getSearch(LoginPojo.java:40)
at org.utilities.LoginPojo.getSearch(LoginPojo.java:40)
at org.utilities.LoginPojo.getSearch(LoginPojo.java:40)
at org.utilities.LoginPojo.getSearch(LoginPojo.java:40)
at org.utilities.LoginPojo.getSearch(LoginPojo.java:40)
at org.utilities.LoginPojo.getSearch(LoginPojo.java:40)
at org.utilities.LoginPojo.getSearch(LoginPojo.java:40)
at org.utilities.LoginPojo.getSearch(LoginPojo.java:40)
at org.utilities.LoginPojo.getSearch(LoginPojo.java:40)
at org.utilities.LoginPojo.getSearch(LoginPojo.java:40)
at org.utilities.LoginPojo.getSearch(LoginPojo.java:40)
at org.utilities.LoginPojo.getSearch(LoginPojo.java:40)
at org.utilities.LoginPojo.getSearch(LoginPojo.java:40)
at org.utilities.LoginPojo.getSearch(LoginPojo.java:40)
at org.utilities.LoginPojo.getSearch(LoginPojo.java:40)
at org.utilities.LoginPojo.getSearch(LoginPojo.java:40)
at org.utilities.LoginPojo.getSearch(LoginPojo.java:40)
at org.utilities.LoginPojo.getSearch(LoginPojo.java:40)
at org.utilities.LoginPojo.getSearch(LoginPojo.java:40)
at org.utilities.LoginPojo.getSearch(LoginPojo.java:40)
at org.utilities.LoginPojo.getSearch(LoginPojo.java:40)
at org.utilities.LoginPojo.getSearch(LoginPojo.java:40)
at org.utilities.LoginPojo.getSearch(LoginPojo.java:40)
at org.utilities.LoginPojo.getSearch(LoginPojo.java:40)
at org.utilities.LoginPojo.getSearch(LoginPojo.java:40)
at org.utilities.LoginPojo.getSearch(LoginPojo.java:40)
at org.utilities.LoginPojo.getSearch(LoginPojo.java:40)
at org.utilities.LoginPojo.getSearch(LoginPojo.java:40)
at org.utilities.LoginPojo.getSearch(LoginPojo.java:40)
at org.utilities.LoginPojo.getSearch(LoginPojo.java:40)
at org.utilities.LoginPojo.getSearch(LoginPojo.java:40)
at org.utilities.LoginPojo.getSearch(LoginPojo.java:40)
at org.utilities.LoginPojo.getSearch(LoginPojo.java:40)
at org.utilities.LoginPojo.getSearch(LoginPojo.java:40)
at org.utilities.LoginPojo.getSearch(LoginPojo.java:40)
at org.utilities.LoginPojo.getSearch(LoginPojo.java:40)
at org.utilities.LoginPojo.getSearch(LoginPojo.java:40)
at org.utilities.LoginPojo.getSearch(LoginPojo.java:40)
at org.utilities.LoginPojo.getSearch(LoginPojo.java:40)
at org.utilities.LoginPojo.getSearch(LoginPojo.java:40)
at org.utilities.LoginPojo.getSearch(LoginPojo.java:40)
at org.utilities.LoginPojo.getSearch(LoginPojo.java:40)
at org.utilities.LoginPojo.getSearch(LoginPojo.java:40)
at org.utilities.LoginPojo.getSearch(LoginPojo.java:40)
at org.utilities.LoginPojo.getSearch(LoginPojo.java:40)
at org.utilities.LoginPojo.getSearch(LoginPojo.java:40)
at org.utilities.LoginPojo.getSearch(LoginPojo.java:40)
at org.utilities.LoginPojo.getSearch(LoginPojo.java:40)
at org.utilities.LoginPojo.getSearch(LoginPojo.java:40)
at org.utilities.LoginPojo.getSearch(LoginPojo.java:40)
at org.utilities.LoginPojo.getSearch(LoginPojo.java:40)
at org.utilities.LoginPojo.getSearch(LoginPojo.java:40)
at org.utilities.LoginPojo.getSearch(LoginPojo.java:40)
at org.utilities.LoginPojo.getSearch(LoginPojo.java:40)
at org.utilities.LoginPojo.getSearch(LoginPojo.java:40)
at org.utilities.LoginPojo.getSearch(LoginPojo.java:40)
at org.utilities.LoginPojo.getSearch(LoginPojo.java:40)
at org.utilities.LoginPojo.getSearch(LoginPojo.java:40)
at org.utilities.LoginPojo.getSearch(LoginPojo.java:40)
at org.utilities.LoginPojo.getSearch(LoginPojo.java:40)
at org.utilities.LoginPojo.getSearch(LoginPojo.java:40)
at org.utilities.LoginPojo.getSearch(LoginPojo.java:40)
at org.utilities.LoginPojo.getSearch(LoginPojo.java:40)
at org.utilities.LoginPojo.getSearch(LoginPojo.java:40)
at org.utilities.LoginPojo.getSearch(LoginPojo.java:40)
at org.utilities.LoginPojo.getSearch(LoginPojo.java:40)
at org.utilities.LoginPojo.getSearch(LoginPojo.java:40)
at org.utilities.LoginPojo.getSearch(LoginPojo.java:40)
at org.utilities.LoginPojo.getSearch(LoginPojo.java:40)
at org.utilities.LoginPojo.getSearch(LoginPojo.java:40)
at org.utilities.LoginPojo.getSearch(LoginPojo.java:40)
at org.utilities.LoginPojo.getSearch(LoginPojo.java:40)
at org.utilities.LoginPojo.getSearch(LoginPojo.java:40)
at org.utilities.LoginPojo.getSearch(LoginPojo.java:40)
at org.utilities.LoginPojo.getSearch(LoginPojo.java:40)
at org.utilities.LoginPojo.getSearch(LoginPojo.java:40)
at org.utilities.LoginPojo.getSearch(LoginPojo.java:40)
at org.utilities.LoginPojo.getSearch(LoginPojo.java:40)
at org.utilities.LoginPojo.getSearch(LoginPojo.java:40)
at org.utilities.LoginPojo.getSearch(LoginPojo.java:40)
at org.utilities.LoginPojo.getSearch(LoginPojo.java:40)
at org.utilities.LoginPojo.getSearch(LoginPojo.java:40)
at org.utilities.LoginPojo.getSearch(LoginPojo.java:40)
at org.utilities.LoginPojo.getSearch(LoginPojo.java:40)
at org.utilities.LoginPojo.getSearch(LoginPojo.java:40)
at org.utilities.LoginPojo.getSearch(LoginPojo.java:40)
at org.utilities.LoginPojo.getSearch(LoginPojo.java:40)
at org.utilities.LoginPojo.getSearch(LoginPojo.java:40)
at org.utilities.LoginPojo.getSearch(LoginPojo.java:40)
at org.utilities.LoginPojo.getSearch(LoginPojo.java:40)
at org.utilities.LoginPojo.getSearch(LoginPojo.java:40)
at org.utilities.LoginPojo.getSearch(LoginPojo.java:40)
at org.utilities.LoginPojo.getSearch(LoginPojo.java:40)
at org.utilities.LoginPojo.getSearch(LoginPojo.java:40)
at org.utilities.LoginPojo.getSearch(LoginPojo.java:40)
at org.utilities.LoginPojo.getSearch(LoginPojo.java:40)
at org.utilities.LoginPojo.getSearch(LoginPojo.java:40)
at org.utilities.LoginPojo.getSearch(LoginPojo.java:40)
at org.utilities.LoginPojo.getSearch(LoginPojo.java:40)
at org.utilities.LoginPojo.getSearch(LoginPojo.java:40)
at org.utilities.LoginPojo.getSearch(LoginPojo.java:40)
at org.utilities.LoginPojo.getSearch(LoginPojo.java:40)
at org.utilities.LoginPojo.getSearch(LoginPojo.java:40)
at org.utilities.LoginPojo.getSearch(LoginPojo.java:40)
at org.utilities.LoginPojo.getSearch(LoginPojo.java:40)
at org.utilities.LoginPojo.getSearch(LoginPojo.java:40)
at org.utilities.LoginPojo.getSearch(LoginPojo.java:40)
at org.utilities.LoginPojo.getSearch(LoginPojo.java:40)
at org.utilities.LoginPojo.getSearch(LoginPojo.java:40)
at org.utilities.LoginPojo.getSearch(LoginPojo.java:40)
at org.utilities.LoginPojo.getSearch(LoginPojo.java:40)
at org.utilities.LoginPojo.getSearch(LoginPojo.java:40)
at org.utilities.LoginPojo.getSearch(LoginPojo.java:40)
at org.utilities.LoginPojo.getSearch(LoginPojo.java:40)
at org.utilities.LoginPojo.getSearch(LoginPojo.java:40)
at org.utilities.LoginPojo.getSearch(LoginPojo.java:40)
at org.utilities.LoginPojo.getSearch(LoginPojo.java:40)
at org.utilities.LoginPojo.getSearch(LoginPojo.java:40)
at org.utilities.LoginPojo.getSearch(LoginPojo.java:40)
at org.utilities.LoginPojo.getSearch(LoginPojo.java:40)
at org.utilities.LoginPojo.getSearch(LoginPojo.java:40)
at org.utilities.LoginPojo.getSearch(LoginPojo.java:40)
at org.utilities.LoginPojo.getSearch(LoginPojo.java:40)
at org.utilities.LoginPojo.getSearch(LoginPojo.java:40)
at org.utilities.LoginPojo.getSearch(LoginPojo.java:40)
at org.utilities.LoginPojo.getSearch(LoginPojo.java:40)
at org.utilities.LoginPojo.getSearch(LoginPojo.java:40)
at org.utilities.LoginPojo.getSearch(LoginPojo.java:40)
at org.utilities.LoginPojo.getSearch(LoginPojo.java:40)
at org.utilities.LoginPojo.getSearch(LoginPojo.java:40)
at org.utilities.LoginPojo.getSearch(LoginPojo.java:40)
at org.utilities.LoginPojo.getSearch(LoginPojo.java:40)
at org.utilities.LoginPojo.getSearch(LoginPojo.java:40)
at org.utilities.LoginPojo.getSearch(LoginPojo.java:40)
at org.utilities.LoginPojo.getSearch(LoginPojo.java:40)
at org.utilities.LoginPojo.getSearch(LoginPojo.java:40)
at org.utilities.LoginPojo.getSearch(LoginPojo.java:40)
at org.utilities.LoginPojo.getSearch(LoginPojo.java:40)
at org.utilities.LoginPojo.getSearch(LoginPojo.java:40)
at org.utilities.LoginPojo.getSearch(LoginPojo.java:40)
at org.utilities.LoginPojo.getSearch(LoginPojo.java:40)
at org.utilities.LoginPojo.getSearch(LoginPojo.java:40)
at org.utilities.LoginPojo.getSearch(LoginPojo.java:40)
at org.utilities.LoginPojo.getSearch(LoginPojo.java:40)
at org.utilities.LoginPojo.getSearch(LoginPojo.java:40)
at org.utilities.LoginPojo.getSearch(LoginPojo.java:40)
at org.utilities.LoginPojo.getSearch(LoginPojo.java:40)
at org.utilities.LoginPojo.getSearch(LoginPojo.java:40)
at org.utilities.LoginPojo.getSearch(LoginPojo.java:40)
at org.utilities.LoginPojo.getSearch(LoginPojo.java:40)
at org.utilities.LoginPojo.getSearch(LoginPojo.java:40)
at org.utilities.LoginPojo.getSearch(LoginPojo.java:40)
at org.utilities.LoginPojo.getSearch(LoginPojo.java:40)
at org.utilities.LoginPojo.getSearch(LoginPojo.java:40)
at org.utilities.LoginPojo.getSearch(LoginPojo.java:40)
at org.utilities.LoginPojo.getSearch(LoginPojo.java:40)
at org.utilities.LoginPojo.getSearch(LoginPojo.java:40)
at org.utilities.LoginPojo.getSearch(LoginPojo.java:40)
at org.utilities.LoginPojo.getSearch(LoginPojo.java:40)
at org.utilities.LoginPojo.getSearch(LoginPojo.java:40)
at org.utilities.LoginPojo.getSearch(LoginPojo.java:40)
at org.utilities.LoginPojo.getSearch(LoginPojo.java:40)
at org.utilities.LoginPojo.getSearch(LoginPojo.java:40)
at org.utilities.LoginPojo.getSearch(LoginPojo.java:40)
at org.utilities.LoginPojo.getSearch(LoginPojo.java:40)
at org.utilities.LoginPojo.getSearch(LoginPojo.java:40)
at org.utilities.LoginPojo.getSearch(LoginPojo.java:40)
at org.utilities.LoginPojo.getSearch(LoginPojo.java:40)
at org.utilities.LoginPojo.getSearch(LoginPojo.java:40)
at org.utilities.LoginPojo.getSearch(LoginPojo.java:40)
at org.utilities.LoginPojo.getSearch(LoginPojo.java:40)
at org.utilities.LoginPojo.getSearch(LoginPojo.java:40)
at org.utilities.LoginPojo.getSearch(LoginPojo.java:40)
at org.utilities.LoginPojo.getSearch(LoginPojo.java:40)
at org.utilities.LoginPojo.getSearch(LoginPojo.java:40)
at org.utilities.LoginPojo.getSearch(LoginPojo.java:40)
at org.utilities.LoginPojo.getSearch(LoginPojo.java:40)
at org.utilities.LoginPojo.getSearch(LoginPojo.java:40)
at org.utilities.LoginPojo.getSearch(LoginPojo.java:40)
at org.utilities.LoginPojo.getSearch(LoginPojo.java:40)
at org.utilities.LoginPojo.getSearch(LoginPojo.java:40)
at org.utilities.LoginPojo.getSearch(LoginPojo.java:40)
at org.utilities.LoginPojo.getSearch(LoginPojo.java:40)
at org.utilities.LoginPojo.getSearch(LoginPojo.java:40)
at org.utilities.LoginPojo.getSearch(LoginPojo.java:40)
at org.utilities.LoginPojo.getSearch(LoginPojo.java:40)
at org.utilities.LoginPojo.getSearch(LoginPojo.java:40)
at org.utilities.LoginPojo.getSearch(LoginPojo.java:40)
at org.utilities.LoginPojo.getSearch(LoginPojo.java:40)
at org.utilities.LoginPojo.getSearch(LoginPojo.java:40)
at org.utilities.LoginPojo.getSearch(LoginPojo.java:40)
at org.utilities.LoginPojo.getSearch(LoginPojo.java:40)
at org.utilities.LoginPojo.getSearch(LoginPojo.java:40)
at org.utilities.LoginPojo.getSearch(LoginPojo.java:40)
at org.utilities.LoginPojo.getSearch(LoginPojo.java:40)
at org.utilities.LoginPojo.getSearch(LoginPojo.java:40)
at org.utilities.LoginPojo.getSearch(LoginPojo.java:40)
at org.utilities.LoginPojo.getSearch(LoginPojo.java:40)
at org.utilities.LoginPojo.getSearch(LoginPojo.java:40)
at org.utilities.LoginPojo.getSearch(LoginPojo.java:40)
at org.utilities.LoginPojo.getSearch(LoginPojo.java:40)
at org.utilities.LoginPojo.getSearch(LoginPojo.java:40)
at org.utilities.LoginPojo.getSearch(LoginPojo.java:40)
at org.utilities.LoginPojo.getSearch(LoginPojo.java:40)
at org.utilities.LoginPojo.getSearch(LoginPojo.java:40)
at org.utilities.LoginPojo.getSearch(LoginPojo.java:40)
at org.utilities.LoginPojo.getSearch(LoginPojo.java:40)
at org.utilities.LoginPojo.getSearch(LoginPojo.java:40)
at org.utilities.LoginPojo.getSearch(LoginPojo.java:40)
at org.utilities.LoginPojo.getSearch(LoginPojo.java:40)
at org.utilities.LoginPojo.getSearch(LoginPojo.java:40)
at org.utilities.LoginPojo.getSearch(LoginPojo.java:40)
at org.utilities.LoginPojo.getSearch(LoginPojo.java:40)
at org.utilities.LoginPojo.getSearch(LoginPojo.java:40)
at org.utilities.LoginPojo.getSearch(LoginPojo.java:40)
at org.utilities.LoginPojo.getSearch(LoginPojo.java:40)
at org.utilities.LoginPojo.getSearch(LoginPojo.java:40)
at org.utilities.LoginPojo.getSearch(LoginPojo.java:40)
at org.utilities.LoginPojo.getSearch(LoginPojo.java:40)
at org.utilities.LoginPojo.getSearch(LoginPojo.java:40)
at org.utilities.LoginPojo.getSearch(LoginPojo.java:40)
at org.utilities.LoginPojo.getSearch(LoginPojo.java:40)
at org.utilities.LoginPojo.getSearch(LoginPojo.java:40)
at org.utilities.LoginPojo.getSearch(LoginPojo.java:40)
at org.utilities.LoginPojo.getSearch(LoginPojo.java:40)
at org.utilities.LoginPojo.getSearch(LoginPojo.java:40)
at org.utilities.LoginPojo.getSearch(LoginPojo.java:40)
at org.utilities.LoginPojo.getSearch(LoginPojo.java:40)
at org.utilities.LoginPojo.getSearch(LoginPojo.java:40)
at org.utilities.LoginPojo.getSearch(LoginPojo.java:40)
at org.utilities.LoginPojo.getSearch(LoginPojo.java:40)
at org.utilities.LoginPojo.getSearch(LoginPojo.java:40)
at org.utilities.LoginPojo.getSearch(LoginPojo.java:40)
at org.utilities.LoginPojo.getSearch(LoginPojo.java:40)
at org.utilities.LoginPojo.getSearch(LoginPojo.java:40)
at org.utilities.LoginPojo.getSearch(LoginPojo.java:40)
at org.utilities.LoginPojo.getSearch(LoginPojo.java:40)
at org.utilities.LoginPojo.getSearch(LoginPojo.java:40)
at org.utilities.LoginPojo.getSearch(LoginPojo.java:40)
at org.utilities.LoginPojo.getSearch(LoginPojo.java:40)
at org.utilities.LoginPojo.getSearch(LoginPojo.java:40)
at org.utilities.LoginPojo.getSearch(LoginPojo.java:40)
at org.utilities.LoginPojo.getSearch(LoginPojo.java:40)
at org.utilities.LoginPojo.getSearch(LoginPojo.java:40)
at org.utilities.LoginPojo.getSearch(LoginPojo.java:40)
at org.utilities.LoginPojo.getSearch(LoginPojo.java:40)
at org.utilities.LoginPojo.getSearch(LoginPojo.java:40)
at org.utilities.LoginPojo.getSearch(LoginPojo.java:40)
at org.utilities.LoginPojo.getSearch(LoginPojo.java:40)
at org.utilities.LoginPojo.getSearch(LoginPojo.java:40)
at org.utilities.LoginPojo.getSearch(LoginPojo.java:40)
at org.utilities.LoginPojo.getSearch(LoginPojo.java:40)
at org.utilities.LoginPojo.getSearch(LoginPojo.java:40)
at org.utilities.LoginPojo.getSearch(LoginPojo.java:40)
at org.utilities.LoginPojo.getSearch(LoginPojo.java:40)
at org.utilities.LoginPojo.getSearch(LoginPojo.java:40)
at org.utilities.LoginPojo.getSearch(LoginPojo.java:40)
at org.utilities.LoginPojo.getSearch(LoginPojo.java:40)
at org.utilities.LoginPojo.getSearch(LoginPojo.java:40)
at org.utilities.LoginPojo.getSearch(LoginPojo.java:40)
at org.utilities.LoginPojo.getSearch(LoginPojo.java:40)
at org.utilities.LoginPojo.getSearch(LoginPojo.java:40)
at org.utilities.LoginPojo.getSearch(LoginPojo.java:40)
at org.utilities.LoginPojo.getSearch(LoginPojo.java:40)
at org.utilities.LoginPojo.getSearch(LoginPojo.java:40)
at org.utilities.LoginPojo.getSearch(LoginPojo.java:40)
at org.utilities.LoginPojo.getSearch(LoginPojo.java:40)
at org.utilities.LoginPojo.getSearch(LoginPojo.java:40)
at org.utilities.LoginPojo.getSearch(LoginPojo.java:40)
at org.utilities.LoginPojo.getSearch(LoginPojo.java:40)
at org.utilities.LoginPojo.getSearch(LoginPojo.java:40)
at org.utilities.LoginPojo.getSearch(LoginPojo.java:40)
at org.utilities.LoginPojo.getSearch(LoginPojo.java:40)
at org.utilities.LoginPojo.getSearch(LoginPojo.java:40)
at org.utilities.LoginPojo.getSearch(LoginPojo.java:40)
at org.utilities.LoginPojo.getSearch(LoginPojo.java:40)
at org.utilities.LoginPojo.getSearch(LoginPojo.java:40)
at org.utilities.LoginPojo.getSearch(LoginPojo.java:40)
at org.utilities.LoginPojo.getSearch(LoginPojo.java:40)
at org.utilities.LoginPojo.getSearch(LoginPojo.java:40)
at org.utilities.LoginPojo.getSearch(LoginPojo.java:40)
at org.utilities.LoginPojo.getSearch(LoginPojo.java:40)
at org.utilities.LoginPojo.getSearch(LoginPojo.java:40)
at org.utilities.LoginPojo.getSearch(LoginPojo.java:40)
at org.utilities.LoginPojo.getSearch(LoginPojo.java:40)
at org.utilities.LoginPojo.getSearch(LoginPojo.java:40)
at org.utilities.LoginPojo.getSearch(LoginPojo.java:40)
at org.utilities.LoginPojo.getSearch(LoginPojo.java:40)
at org.utilities.LoginPojo.getSearch(LoginPojo.java:40)
at org.utilities.LoginPojo.getSearch(LoginPojo.java:40)
at org.utilities.LoginPojo.getSearch(LoginPojo.java:40)
at org.utilities.LoginPojo.getSearch(LoginPojo.java:40)
at org.utilities.LoginPojo.getSearch(LoginPojo.java:40)
at org.utilities.LoginPojo.getSearch(LoginPojo.java:40)
at org.utilities.LoginPojo.getSearch(LoginPojo.java:40)
at org.utilities.LoginPojo.getSearch(LoginPojo.java:40)
at org.utilities.LoginPojo.getSearch(LoginPojo.java:40)
at org.utilities.LoginPojo.getSearch(LoginPojo.java:40)
at org.utilities.LoginPojo.getSearch(LoginPojo.java:40)
at org.utilities.LoginPojo.getSearch(LoginPojo.java:40)
at org.utilities.LoginPojo.getSearch(LoginPojo.java:40)
at org.utilities.LoginPojo.getSearch(LoginPojo.java:40)
at org.utilities.LoginPojo.getSearch(LoginPojo.java:40)
at org.utilities.LoginPojo.getSearch(LoginPojo.java:40)
at org.utilities.LoginPojo.getSearch(LoginPojo.java:40)
at org.utilities.LoginPojo.getSearch(LoginPojo.java:40)
at org.utilities.LoginPojo.getSearch(LoginPojo.java:40)
at org.utilities.LoginPojo.getSearch(LoginPojo.java:40)
at org.utilities.LoginPojo.getSearch(LoginPojo.java:40)
at org.utilities.LoginPojo.getSearch(LoginPojo.java:40)
at org.utilities.LoginPojo.getSearch(LoginPojo.java:40)
at org.utilities.LoginPojo.getSearch(LoginPojo.java:40)
at org.utilities.LoginPojo.getSearch(LoginPojo.java:40)
at org.utilities.LoginPojo.getSearch(LoginPojo.java:40)
at org.utilities.LoginPojo.getSearch(LoginPojo.java:40)
at org.utilities.LoginPojo.getSearch(LoginPojo.java:40)
at org.utilities.LoginPojo.getSearch(LoginPojo.java:40)
at org.utilities.LoginPojo.getSearch(LoginPojo.java:40)
at org.utilities.LoginPojo.getSearch(LoginPojo.java:40)
at org.utilities.LoginPojo.getSearch(LoginPojo.java:40)
at org.utilities.LoginPojo.getSearch(LoginPojo.java:40)
at org.utilities.LoginPojo.getSearch(LoginPojo.java:40)
at org.utilities.LoginPojo.getSearch(LoginPojo.java:40)
at org.utilities.LoginPojo.getSearch(LoginPojo.java:40)
at org.utilities.LoginPojo.getSearch(LoginPojo.java:40)
at org.utilities.LoginPojo.getSearch(LoginPojo.java:40)
at org.utilities.LoginPojo.getSearch(LoginPojo.java:40)
at org.utilities.LoginPojo.getSearch(LoginPojo.java:40)
at org.utilities.LoginPojo.getSearch(LoginPojo.java:40)
at org.utilities.LoginPojo.getSearch(LoginPojo.java:40)
at org.utilities.LoginPojo.getSearch(LoginPojo.java:40)
at org.utilities.LoginPojo.getSearch(LoginPojo.java:40)
at org.utilities.LoginPojo.getSearch(LoginPojo.java:40)
at org.utilities.LoginPojo.getSearch(LoginPojo.java:40)
at org.utilities.LoginPojo.getSearch(LoginPojo.java:40)
at org.utilities.LoginPojo.getSearch(LoginPojo.java:40)
at org.utilities.LoginPojo.getSearch(LoginPojo.java:40)
at org.utilities.LoginPojo.getSearch(LoginPojo.java:40)
at org.utilities.LoginPojo.getSearch(LoginPojo.java:40)
at org.utilities.LoginPojo.getSearch(LoginPojo.java:40)
at org.utilities.LoginPojo.getSearch(LoginPojo.java:40)
at org.utilities.LoginPojo.getSearch(LoginPojo.java:40)
at org.utilities.LoginPojo.getSearch(LoginPojo.java:40)
at org.utilities.LoginPojo.getSearch(LoginPojo.java:40)
at org.utilities.LoginPojo.getSearch(LoginPojo.java:40)
at org.utilities.LoginPojo.getSearch(LoginPojo.java:40)
at org.utilities.LoginPojo.getSearch(LoginPojo.java:40)
at org.utilities.LoginPojo.getSearch(LoginPojo.java:40)
at org.utilities.LoginPojo.getSearch(LoginPojo.java:40)
at org.utilities.LoginPojo.getSearch(LoginPojo.java:40)
at org.utilities.LoginPojo.getSearch(LoginPojo.java:40)
at org.utilities.LoginPojo.getSearch(LoginPojo.java:40)
at org.utilities.LoginPojo.getSearch(LoginPojo.java:40)
at org.utilities.LoginPojo.getSearch(LoginPojo.java:40)
at org.utilities.LoginPojo.getSearch(LoginPojo.java:40)
at org.utilities.LoginPojo.getSearch(LoginPojo.java:40)
at org.utilities.LoginPojo.getSearch(LoginPojo.java:40)
at org.utilities.LoginPojo.getSearch(LoginPojo.java:40)
at org.utilities.LoginPojo.getSearch(LoginPojo.java:40)
at org.utilities.LoginPojo.getSearch(LoginPojo.java:40)
at org.utilities.LoginPojo.getSearch(LoginPojo.java:40)
at org.utilities.LoginPojo.getSearch(LoginPojo.java:40)
at org.utilities.LoginPojo.getSearch(LoginPojo.java:40)
at org.utilities.LoginPojo.getSearch(LoginPojo.java:40)
at org.utilities.LoginPojo.getSearch(LoginPojo.java:40)
at org.utilities.LoginPojo.getSearch(LoginPojo.java:40)
at org.utilities.LoginPojo.getSearch(LoginPojo.java:40)
at org.utilities.LoginPojo.getSearch(LoginPojo.java:40)
at org.utilities.LoginPojo.getSearch(LoginPojo.java:40)
at org.utilities.LoginPojo.getSearch(LoginPojo.java:40)
at org.utilities.LoginPojo.getSearch(LoginPojo.java:40)
at org.utilities.LoginPojo.getSearch(LoginPojo.java:40)
at org.utilities.LoginPojo.getSearch(LoginPojo.java:40)
at org.utilities.LoginPojo.getSearch(LoginPojo.java:40)
at org.utilities.LoginPojo.getSearch(LoginPojo.java:40)
at org.utilities.LoginPojo.getSearch(LoginPojo.java:40)
at org.utilities.LoginPojo.getSearch(LoginPojo.java:40)
at org.utilities.LoginPojo.getSearch(LoginPojo.java:40)
at org.utilities.LoginPojo.getSearch(LoginPojo.java:40)
at org.utilities.LoginPojo.getSearch(LoginPojo.java:40)
at org.utilities.LoginPojo.getSearch(LoginPojo.java:40)
at org.utilities.LoginPojo.getSearch(LoginPojo.java:40)
at org.utilities.LoginPojo.getSearch(LoginPojo.java:40)
at org.utilities.LoginPojo.getSearch(LoginPojo.java:40)
at org.utilities.LoginPojo.getSearch(LoginPojo.java:40)
at org.utilities.LoginPojo.getSearch(LoginPojo.java:40)
at org.utilities.LoginPojo.getSearch(LoginPojo.java:40)
at org.utilities.LoginPojo.getSearch(LoginPojo.java:40)
at org.utilities.LoginPojo.getSearch(LoginPojo.java:40)
at org.utilities.LoginPojo.getSearch(LoginPojo.java:40)
at org.utilities.LoginPojo.getSearch(LoginPojo.java:40)
at org.utilities.LoginPojo.getSearch(LoginPojo.java:40)
at org.utilities.LoginPojo.getSearch(LoginPojo.java:40)
at org.utilities.LoginPojo.getSearch(LoginPojo.java:40)
at org.utilities.LoginPojo.getSearch(LoginPojo.java:40)
at org.utilities.LoginPojo.getSearch(LoginPojo.java:40)
at org.utilities.LoginPojo.getSearch(LoginPojo.java:40)
at org.utilities.LoginPojo.getSearch(LoginPojo.java:40)
at org.utilities.LoginPojo.getSearch(LoginPojo.java:40)
at org.utilities.LoginPojo.getSearch(LoginPojo.java:40)
at org.utilities.LoginPojo.getSearch(LoginPojo.java:40)
at org.utilities.LoginPojo.getSearch(LoginPojo.java:40)
at org.utilities.LoginPojo.getSearch(LoginPojo.java:40)
at org.utilities.LoginPojo.getSearch(LoginPojo.java:40)
at org.utilities.LoginPojo.getSearch(LoginPojo.java:40)
at org.utilities.LoginPojo.getSearch(LoginPojo.java:40)
at org.utilities.LoginPojo.getSearch(LoginPojo.java:40)
at org.utilities.LoginPojo.getSearch(LoginPojo.java:40)
at org.utilities.LoginPojo.getSearch(LoginPojo.java:40)
at org.utilities.LoginPojo.getSearch(LoginPojo.java:40)
at org.utilities.LoginPojo.getSearch(LoginPojo.java:40)
at org.utilities.LoginPojo.getSearch(LoginPojo.java:40)
at org.utilities.LoginPojo.getSearch(LoginPojo.java:40)
at org.utilities.LoginPojo.getSearch(LoginPojo.java:40)
at org.utilities.LoginPojo.getSearch(LoginPojo.java:40)
at org.utilities.LoginPojo.getSearch(LoginPojo.java:40)
at org.utilities.LoginPojo.getSearch(LoginPojo.java:40)
at org.utilities.LoginPojo.getSearch(LoginPojo.java:40)
at org.utilities.LoginPojo.getSearch(LoginPojo.java:40)
at org.utilities.LoginPojo.getSearch(LoginPojo.java:40)
at org.utilities.LoginPojo.getSearch(LoginPojo.java:40)
at org.utilities.LoginPojo.getSearch(LoginPojo.java:40)
at org.utilities.LoginPojo.getSearch(LoginPojo.java:40)
at org.utilities.LoginPojo.getSearch(LoginPojo.java:40)
at org.utilities.LoginPojo.getSearch(LoginPojo.java:40)
at org.utilities.LoginPojo.getSearch(LoginPojo.java:40)
at org.utilities.LoginPojo.getSearch(LoginPojo.java:40)
at org.utilities.LoginPojo.getSearch(LoginPojo.java:40)
at org.utilities.LoginPojo.getSearch(LoginPojo.java:40)
at org.utilities.LoginPojo.getSearch(LoginPojo.java:40)
at org.utilities.LoginPojo.getSearch(LoginPojo.java:40)
at org.utilities.LoginPojo.getSearch(LoginPojo.java:40)
at org.utilities.LoginPojo.getSearch(LoginPojo.java:40)
at org.utilities.LoginPojo.getSearch(LoginPojo.java:40)
at org.utilities.LoginPojo.getSearch(LoginPojo.java:40)
at org.utilities.LoginPojo.getSearch(LoginPojo.java:40)
at org.utilities.LoginPojo.getSearch(LoginPojo.java:40)
at org.utilities.LoginPojo.getSearch(LoginPojo.java:40)
at org.utilities.LoginPojo.getSearch(LoginPojo.java:40)
at org.utilities.LoginPojo.getSearch(LoginPojo.java:40)
at org.utilities.LoginPojo.getSearch(LoginPojo.java:40)
at org.utilities.LoginPojo.getSearch(LoginPojo.java:40)
at org.utilities.LoginPojo.getSearch(LoginPojo.java:40)
at org.utilities.LoginPojo.getSearch(LoginPojo.java:40)
at org.utilities.LoginPojo.getSearch(LoginPojo.java:40)
at org.utilities.LoginPojo.getSearch(LoginPojo.java:40)
at org.utilities.LoginPojo.getSearch(LoginPojo.java:40)
at org.utilities.LoginPojo.getSearch(LoginPojo.java:40)
at org.utilities.LoginPojo.getSearch(LoginPojo.java:40)
at org.utilities.LoginPojo.getSearch(LoginPojo.java:40)
at org.utilities.LoginPojo.getSearch(LoginPojo.java:40)
at org.utilities.LoginPojo.getSearch(LoginPojo.java:40)
at org.utilities.LoginPojo.getSearch(LoginPojo.java:40)
at org.utilities.LoginPojo.getSearch(LoginPojo.java:40)
at org.utilities.LoginPojo.getSearch(LoginPojo.java:40)
at org.utilities.LoginPojo.getSearch(LoginPojo.java:40)
at org.utilities.LoginPojo.getSearch(LoginPojo.java:40)
at org.utilities.LoginPojo.getSearch(LoginPojo.java:40)
at org.utilities.LoginPojo.getSearch(LoginPojo.java:40)
at org.utilities.LoginPojo.getSearch(LoginPojo.java:40)
at org.utilities.LoginPojo.getSearch(LoginPojo.java:40)
at org.utilities.LoginPojo.getSearch(LoginPojo.java:40)
at org.utilities.LoginPojo.getSearch(LoginPojo.java:40)
at org.utilities.LoginPojo.getSearch(LoginPojo.java:40)
at org.utilities.LoginPojo.getSearch(LoginPojo.java:40)
at org.utilities.LoginPojo.getSearch(LoginPojo.java:40)
at org.utilities.LoginPojo.getSearch(LoginPojo.java:40)
at org.utilities.LoginPojo.getSearch(LoginPojo.java:40)
at org.utilities.LoginPojo.getSearch(LoginPojo.java:40)
at org.utilities.LoginPojo.getSearch(LoginPojo.java:40)
at org.utilities.LoginPojo.getSearch(LoginPojo.java:40)
at org.utilities.LoginPojo.getSearch(LoginPojo.java:40)
at org.utilities.LoginPojo.getSearch(LoginPojo.java:40)
at org.utilities.LoginPojo.getSearch(LoginPojo.java:40)
at org.utilities.LoginPojo.getSearch(LoginPojo.java:40)
at org.utilities.LoginPojo.getSearch(LoginPojo.java:40)
at org.utilities.LoginPojo.getSearch(LoginPojo.java:40)
at org.utilities.LoginPojo.getSearch(LoginPojo.java:40)
at org.utilities.LoginPojo.getSearch(LoginPojo.java:40)
at org.utilities.LoginPojo.getSearch(LoginPojo.java:40)
at org.utilities.LoginPojo.getSearch(LoginPojo.java:40)
at org.utilities.LoginPojo.getSearch(LoginPojo.java:40)
at org.utilities.LoginPojo.getSearch(LoginPojo.java:40)
at org.utilities.LoginPojo.getSearch(LoginPojo.java:40)
at org.utilities.LoginPojo.getSearch(LoginPojo.java:40)
at org.utilities.LoginPojo.getSearch(LoginPojo.java:40)
at org.utilities.LoginPojo.getSearch(LoginPojo.java:40)
at org.utilities.LoginPojo.getSearch(LoginPojo.java:40)
at org.utilities.LoginPojo.getSearch(LoginPojo.java:40)
at org.utilities.LoginPojo.getSearch(LoginPojo.java:40)
at org.utilities.LoginPojo.getSearch(LoginPojo.java:40)
at org.utilities.LoginPojo.getSearch(LoginPojo.java:40)
at org.utilities.LoginPojo.getSearch(LoginPojo.java:40)
at org.utilities.LoginPojo.getSearch(LoginPojo.java:40)
at org.utilities.LoginPojo.getSearch(LoginPojo.java:40)
at org.utilities.LoginPojo.getSearch(LoginPojo.java:40)
at org.utilities.LoginPojo.getSearch(LoginPojo.java:40)
at org.utilities.LoginPojo.getSearch(LoginPojo.java:40)
at org.utilities.LoginPojo.getSearch(LoginPojo.java:40)
at org.utilities.LoginPojo.getSearch(LoginPojo.java:40)
at org.utilities.LoginPojo.getSearch(LoginPojo.java:40)
at org.utilities.LoginPojo.getSearch(LoginPojo.java:40)
at org.utilities.LoginPojo.getSearch(LoginPojo.java:40)
at org.utilities.LoginPojo.getSearch(LoginPojo.java:40)
at org.utilities.LoginPojo.getSearch(LoginPojo.java:40)
at org.utilities.LoginPojo.getSearch(LoginPojo.java:40)
at org.utilities.LoginPojo.getSearch(LoginPojo.java:40)
at org.utilities.LoginPojo.getSearch(LoginPojo.java:40)
at org.utilities.LoginPojo.getSearch(LoginPojo.java:40)
at org.utilities.LoginPojo.getSearch(LoginPojo.java:40)
at org.utilities.LoginPojo.getSearch(LoginPojo.java:40)
at org.utilities.LoginPojo.getSearch(LoginPojo.java:40)
at org.utilities.LoginPojo.getSearch(LoginPojo.java:40)
at org.utilities.LoginPojo.getSearch(LoginPojo.java:40)
at org.utilities.LoginPojo.getSearch(LoginPojo.java:40)
at org.utilities.LoginPojo.getSearch(LoginPojo.java:40)
at org.utilities.LoginPojo.getSearch(LoginPojo.java:40)
at org.utilities.LoginPojo.getSearch(LoginPojo.java:40)
at org.utilities.LoginPojo.getSearch(LoginPojo.java:40)
at org.utilities.LoginPojo.getSearch(LoginPojo.java:40)
at org.utilities.LoginPojo.getSearch(LoginPojo.java:40)
at org.utilities.LoginPojo.getSearch(LoginPojo.java:40)
at org.utilities.LoginPojo.getSearch(LoginPojo.java:40)
at org.utilities.LoginPojo.getSearch(LoginPojo.java:40)
at org.utilities.LoginPojo.getSearch(LoginPojo.java:40)
at org.utilities.LoginPojo.getSearch(LoginPojo.java:40)
at org.utilities.LoginPojo.getSearch(LoginPojo.java:40)
at org.utilities.LoginPojo.getSearch(LoginPojo.java:40)
at org.utilities.LoginPojo.getSearch(LoginPojo.java:40)
at org.utilities.LoginPojo.getSearch(LoginPojo.java:40)
at org.utilities.LoginPojo.getSearch(LoginPojo.java:40)
at org.utilities.LoginPojo.getSearch(LoginPojo.java:40)
at org.utilities.LoginPojo.getSearch(LoginPojo.java:40)
at org.utilities.LoginPojo.getSearch(LoginPojo.java:40)
at org.utilities.LoginPojo.getSearch(LoginPojo.java:40)
at org.utilities.LoginPojo.getSearch(LoginPojo.java:40)
at org.utilities.LoginPojo.getSearch(LoginPojo.java:40)
at org.utilities.LoginPojo.getSearch(LoginPojo.java:40)
at org.utilities.LoginPojo.getSearch(LoginPojo.java:40)
at org.utilities.LoginPojo.getSearch(LoginPojo.java:40)
at org.utilities.LoginPojo.getSearch(LoginPojo.java:40)
at org.utilities.LoginPojo.getSearch(LoginPojo.java:40)
at org.utilities.LoginPojo.getSearch(LoginPojo.java:40)
at org.utilities.LoginPojo.getSearch(LoginPojo.java:40)
at org.utilities.LoginPojo.getSearch(LoginPojo.java:40)
at org.utilities.LoginPojo.getSearch(LoginPojo.java:40)
at org.utilities.LoginPojo.getSearch(LoginPojo.java:40)
at org.utilities.LoginPojo.getSearch(LoginPojo.java:40)
at org.utilities.LoginPojo.getSearch(LoginPojo.java:40)
at org.utilities.LoginPojo.getSearch(LoginPojo.java:40)
at org.utilities.LoginPojo.getSearch(LoginPojo.java:40)
at org.utilities.LoginPojo.getSearch(LoginPojo.java:40)
at org.utilities.LoginPojo.getSearch(LoginPojo.java:40)
at org.utilities.LoginPojo.getSearch(LoginPojo.java:40)
at org.utilities.LoginPojo.getSearch(LoginPojo.java:40)
at org.utilities.LoginPojo.getSearch(LoginPojo.java:40)
at org.utilities.LoginPojo.getSearch(LoginPojo.java:40)
at org.utilities.LoginPojo.getSearch(LoginPojo.java:40)
at org.utilities.LoginPojo.getSearch(LoginPojo.java:40)
at org.utilities.LoginPojo.getSearch(LoginPojo.java:40)
at org.utilities.LoginPojo.getSearch(LoginPojo.java:40)
at org.utilities.LoginPojo.getSearch(LoginPojo.java:40)
at org.utilities.LoginPojo.getSearch(LoginPojo.java:40)
at org.utilities.LoginPojo.getSearch(LoginPojo.java:40)
at org.utilities.LoginPojo.getSearch(LoginPojo.java:40)
at org.utilities.LoginPojo.getSearch(LoginPojo.java:40)
at org.utilities.LoginPojo.getSearch(LoginPojo.java:40)
at org.utilities.LoginPojo.getSearch(LoginPojo.java:40)
at org.utilities.LoginPojo.getSearch(LoginPojo.java:40)
at org.utilities.LoginPojo.getSearch(LoginPojo.java:40)
at org.utilities.LoginPojo.getSearch(LoginPojo.java:40)
at org.utilities.LoginPojo.getSearch(LoginPojo.java:40)
at org.utilities.LoginPojo.getSearch(LoginPojo.java:40)
at org.utilities.LoginPojo.getSearch(LoginPojo.java:40)
at org.utilities.LoginPojo.getSearch(LoginPojo.java:40)
at org.utilities.LoginPojo.getSearch(LoginPojo.java:40)
at org.utilities.LoginPojo.getSearch(LoginPojo.java:40)
at org.utilities.LoginPojo.getSearch(LoginPojo.java:40)
at org.utilities.LoginPojo.getSearch(LoginPojo.java:40)
at org.utilities.LoginPojo.getSearch(LoginPojo.java:40)
at org.utilities.LoginPojo.getSearch(LoginPojo.java:40)
at org.utilities.LoginPojo.getSearch(LoginPojo.java:40)
at org.utilities.LoginPojo.getSearch(LoginPojo.java:40)
at org.utilities.LoginPojo.getSearch(LoginPojo.java:40)
at org.utilities.LoginPojo.getSearch(LoginPojo.java:40)
at org.utilities.LoginPojo.getSearch(LoginPojo.java:40)
at org.utilities.LoginPojo.getSearch(LoginPojo.java:40)
at org.utilities.LoginPojo.getSearch(LoginPojo.java:40)
at org.utilities.LoginPojo.getSearch(LoginPojo.java:40)
at org.utilities.LoginPojo.getSearch(LoginPojo.java:40)
at org.utilities.LoginPojo.getSearch(LoginPojo.java:40)
at org.utilities.LoginPojo.getSearch(LoginPojo.java:40)
at org.utilities.LoginPojo.getSearch(LoginPojo.java:40)
at org.utilities.LoginPojo.getSearch(LoginPojo.java:40)
at org.utilities.LoginPojo.getSearch(LoginPojo.java:40)
at org.utilities.LoginPojo.getSearch(LoginPojo.java:40)
at org.utilities.LoginPojo.getSearch(LoginPojo.java:40)
at org.utilities.LoginPojo.getSearch(LoginPojo.java:40)
at org.utilities.LoginPojo.getSearch(LoginPojo.java:40)
at org.utilities.LoginPojo.getSearch(LoginPojo.java:40)
at org.utilities.LoginPojo.getSearch(LoginPojo.java:40)
at org.utilities.LoginPojo.getSearch(LoginPojo.java:40)
at org.utilities.LoginPojo.getSearch(LoginPojo.java:40)
at org.utilities.LoginPojo.getSearch(LoginPojo.java:40)
at org.utilities.LoginPojo.getSearch(LoginPojo.java:40)
at org.utilities.LoginPojo.getSearch(LoginPojo.java:40)
at org.utilities.LoginPojo.getSearch(LoginPojo.java:40)
at org.utilities.LoginPojo.getSearch(LoginPojo.java:40)
at org.utilities.LoginPojo.getSearch(LoginPojo.java:40)
at org.utilities.LoginPojo.getSearch(LoginPojo.java:40)
at org.utilities.LoginPojo.getSearch(LoginPojo.java:40)
at org.utilities.LoginPojo.getSearch(LoginPojo.java:40)
at org.utilities.LoginPojo.getSearch(LoginPojo.java:40)
at org.utilities.LoginPojo.getSearch(LoginPojo.java:40)
at org.utilities.LoginPojo.getSearch(LoginPojo.java:40)
at org.utilities.LoginPojo.getSearch(LoginPojo.java:40)
at org.utilities.LoginPojo.getSearch(LoginPojo.java:40)
at org.utilities.LoginPojo.getSearch(LoginPojo.java:40)
at org.utilities.LoginPojo.getSearch(LoginPojo.java:40)
at org.utilities.LoginPojo.getSearch(LoginPojo.java:40)
at org.utilities.LoginPojo.getSearch(LoginPojo.java:40)
at org.utilities.LoginPojo.getSearch(LoginPojo.java:40)
at org.utilities.LoginPojo.getSearch(LoginPojo.java:40)
at org.utilities.LoginPojo.getSearch(LoginPojo.java:40)
at org.utilities.LoginPojo.getSearch(LoginPojo.java:40)
at org.utilities.LoginPojo.getSearch(LoginPojo.java:40)
at org.utilities.LoginPojo.getSearch(LoginPojo.java:40)
at org.utilities.LoginPojo.getSearch(LoginPojo.java:40)
at org.utilities.LoginPojo.getSearch(LoginPojo.java:40)
at org.utilities.LoginPojo.getSearch(LoginPojo.java:40)
at org.utilities.LoginPojo.getSearch(LoginPojo.java:40)
at org.utilities.LoginPojo.getSearch(LoginPojo.java:40)
at org.utilities.LoginPojo.getSearch(LoginPojo.java:40)
at org.utilities.LoginPojo.getSearch(LoginPojo.java:40)
at org.utilities.LoginPojo.getSearch(LoginPojo.java:40)
at org.utilities.LoginPojo.getSearch(LoginPojo.java:40)
at org.utilities.LoginPojo.getSearch(LoginPojo.java:40)
at org.utilities.LoginPojo.getSearch(LoginPojo.java:40)
at org.utilities.LoginPojo.getSearch(LoginPojo.java:40)
at org.utilities.LoginPojo.getSearch(LoginPojo.java:40)
at org.utilities.LoginPojo.getSearch(LoginPojo.java:40)
at org.utilities.LoginPojo.getSearch(LoginPojo.java:40)
at org.utilities.LoginPojo.getSearch(LoginPojo.java:40)
at org.utilities.LoginPojo.getSearch(LoginPojo.java:40)
at org.utilities.LoginPojo.getSearch(LoginPojo.java:40)
at org.utilities.LoginPojo.getSearch(LoginPojo.java:40)
at org.utilities.LoginPojo.getSearch(LoginPojo.java:40)
at org.utilities.LoginPojo.getSearch(LoginPojo.java:40)
at org.utilities.LoginPojo.getSearch(LoginPojo.java:40)
at org.utilities.LoginPojo.getSearch(LoginPojo.java:40)
at org.utilities.LoginPojo.getSearch(LoginPojo.java:40)
at org.utilities.LoginPojo.getSearch(LoginPojo.java:40)
at org.utilities.LoginPojo.getSearch(LoginPojo.java:40)
at org.utilities.LoginPojo.getSearch(LoginPojo.java:40)
at org.utilities.LoginPojo.getSearch(LoginPojo.java:40)
at org.utilities.LoginPojo.getSearch(LoginPojo.java:40)
at org.utilities.LoginPojo.getSearch(LoginPojo.java:40)
at org.utilities.LoginPojo.getSearch(LoginPojo.java:40)
at org.utilities.LoginPojo.getSearch(LoginPojo.java:40)
at org.utilities.LoginPojo.getSearch(LoginPojo.java:40)
at org.utilities.LoginPojo.getSearch(LoginPojo.java:40)
at org.utilities.LoginPojo.getSearch(LoginPojo.java:40)
at org.utilities.LoginPojo.getSearch(LoginPojo.java:40)
at org.utilities.LoginPojo.getSearch(LoginPojo.java:40)
at org.utilities.LoginPojo.getSearch(LoginPojo.java:40)
at org.utilities.LoginPojo.getSearch(LoginPojo.java:40)
at org.utilities.LoginPojo.getSearch(LoginPojo.java:40)
at org.utilities.LoginPojo.getSearch(LoginPojo.java:40)
at org.utilities.LoginPojo.getSearch(LoginPojo.java:40)
at org.utilities.LoginPojo.getSearch(LoginPojo.java:40)
at org.utilities.LoginPojo.getSearch(LoginPojo.java:40)
at org.utilities.LoginPojo.getSearch(LoginPojo.java:40)
at org.utilities.LoginPojo.getSearch(LoginPojo.java:40)
at org.utilities.LoginPojo.getSearch(LoginPojo.java:40)
at org.utilities.LoginPojo.getSearch(LoginPojo.java:40)
at org.utilities.LoginPojo.getSearch(LoginPojo.java:40)
at org.utilities.LoginPojo.getSearch(LoginPojo.java:40)
at org.utilities.LoginPojo.getSearch(LoginPojo.java:40)
at org.utilities.LoginPojo.getSearch(LoginPojo.java:40)
at org.utilities.LoginPojo.getSearch(LoginPojo.java:40)
at org.utilities.LoginPojo.getSearch(LoginPojo.java:40)
at org.utilities.LoginPojo.getSearch(LoginPojo.java:40)
at org.utilities.LoginPojo.getSearch(LoginPojo.java:40)
at org.utilities.LoginPojo.getSearch(LoginPojo.java:40)
at org.utilities.LoginPojo.getSearch(LoginPojo.java:40)
at org.utilities.LoginPojo.getSearch(LoginPojo.java:40)
]]>
    </error>
  </testcase> <!-- tc3 -->
  <system-out/>
  <testcase classname="testng.com.TestngAssert" name="tc1" time="10.191">
    <error type="java.lang.StackOverflowError">
      <![CDATA[java.lang.StackOverflowError
at org.utilities.LoginPojo.getSearch(LoginPojo.java:40)
at org.utilities.LoginPojo.getSearch(LoginPojo.java:40)
at org.utilities.LoginPojo.getSearch(LoginPojo.java:40)
at org.utilities.LoginPojo.getSearch(LoginPojo.java:40)
at org.utilities.LoginPojo.getSearch(LoginPojo.java:40)
at org.utilities.LoginPojo.getSearch(LoginPojo.java:40)
at org.utilities.LoginPojo.getSearch(LoginPojo.java:40)
at org.utilities.LoginPojo.getSearch(LoginPojo.java:40)
at org.utilities.LoginPojo.getSearch(LoginPojo.java:40)
at org.utilities.LoginPojo.getSearch(LoginPojo.java:40)
at org.utilities.LoginPojo.getSearch(LoginPojo.java:40)
at org.utilities.LoginPojo.getSearch(LoginPojo.java:40)
at org.utilities.LoginPojo.getSearch(LoginPojo.java:40)
at org.utilities.LoginPojo.getSearch(LoginPojo.java:40)
at org.utilities.LoginPojo.getSearch(LoginPojo.java:40)
at org.utilities.LoginPojo.getSearch(LoginPojo.java:40)
at org.utilities.LoginPojo.getSearch(LoginPojo.java:40)
at org.utilities.LoginPojo.getSearch(LoginPojo.java:40)
at org.utilities.LoginPojo.getSearch(LoginPojo.java:40)
at org.utilities.LoginPojo.getSearch(LoginPojo.java:40)
at org.utilities.LoginPojo.getSearch(LoginPojo.java:40)
at org.utilities.LoginPojo.getSearch(LoginPojo.java:40)
at org.utilities.LoginPojo.getSearch(LoginPojo.java:40)
at org.utilities.LoginPojo.getSearch(LoginPojo.java:40)
at org.utilities.LoginPojo.getSearch(LoginPojo.java:40)
at org.utilities.LoginPojo.getSearch(LoginPojo.java:40)
at org.utilities.LoginPojo.getSearch(LoginPojo.java:40)
at org.utilities.LoginPojo.getSearch(LoginPojo.java:40)
at org.utilities.LoginPojo.getSearch(LoginPojo.java:40)
at org.utilities.LoginPojo.getSearch(LoginPojo.java:40)
at org.utilities.LoginPojo.getSearch(LoginPojo.java:40)
at org.utilities.LoginPojo.getSearch(LoginPojo.java:40)
at org.utilities.LoginPojo.getSearch(LoginPojo.java:40)
at org.utilities.LoginPojo.getSearch(LoginPojo.java:40)
at org.utilities.LoginPojo.getSearch(LoginPojo.java:40)
at org.utilities.LoginPojo.getSearch(LoginPojo.java:40)
at org.utilities.LoginPojo.getSearch(LoginPojo.java:40)
at org.utilities.LoginPojo.getSearch(LoginPojo.java:40)
at org.utilities.LoginPojo.getSearch(LoginPojo.java:40)
at org.utilities.LoginPojo.getSearch(LoginPojo.java:40)
at org.utilities.LoginPojo.getSearch(LoginPojo.java:40)
at org.utilities.LoginPojo.getSearch(LoginPojo.java:40)
at org.utilities.LoginPojo.getSearch(LoginPojo.java:40)
at org.utilities.LoginPojo.getSearch(LoginPojo.java:40)
at org.utilities.LoginPojo.getSearch(LoginPojo.java:40)
at org.utilities.LoginPojo.getSearch(LoginPojo.java:40)
at org.utilities.LoginPojo.getSearch(LoginPojo.java:40)
at org.utilities.LoginPojo.getSearch(LoginPojo.java:40)
at org.utilities.LoginPojo.getSearch(LoginPojo.java:40)
at org.utilities.LoginPojo.getSearch(LoginPojo.java:40)
at org.utilities.LoginPojo.getSearch(LoginPojo.java:40)
at org.utilities.LoginPojo.getSearch(LoginPojo.java:40)
at org.utilities.LoginPojo.getSearch(LoginPojo.java:40)
at org.utilities.LoginPojo.getSearch(LoginPojo.java:40)
at org.utilities.LoginPojo.getSearch(LoginPojo.java:40)
at org.utilities.LoginPojo.getSearch(LoginPojo.java:40)
at org.utilities.LoginPojo.getSearch(LoginPojo.java:40)
at org.utilities.LoginPojo.getSearch(LoginPojo.java:40)
at org.utilities.LoginPojo.getSearch(LoginPojo.java:40)
at org.utilities.LoginPojo.getSearch(LoginPojo.java:40)
at org.utilities.LoginPojo.getSearch(LoginPojo.java:40)
at org.utilities.LoginPojo.getSearch(LoginPojo.java:40)
at org.utilities.LoginPojo.getSearch(LoginPojo.java:40)
at org.utilities.LoginPojo.getSearch(LoginPojo.java:40)
at org.utilities.LoginPojo.getSearch(LoginPojo.java:40)
at org.utilities.LoginPojo.getSearch(LoginPojo.java:40)
at org.utilities.LoginPojo.getSearch(LoginPojo.java:40)
at org.utilities.LoginPojo.getSearch(LoginPojo.java:40)
at org.utilities.LoginPojo.getSearch(LoginPojo.java:40)
at org.utilities.LoginPojo.getSearch(LoginPojo.java:40)
at org.utilities.LoginPojo.getSearch(LoginPojo.java:40)
at org.utilities.LoginPojo.getSearch(LoginPojo.java:40)
at org.utilities.LoginPojo.getSearch(LoginPojo.java:40)
at org.utilities.LoginPojo.getSearch(LoginPojo.java:40)
at org.utilities.LoginPojo.getSearch(LoginPojo.java:40)
at org.utilities.LoginPojo.getSearch(LoginPojo.java:40)
at org.utilities.LoginPojo.getSearch(LoginPojo.java:40)
at org.utilities.LoginPojo.getSearch(LoginPojo.java:40)
at org.utilities.LoginPojo.getSearch(LoginPojo.java:40)
at org.utilities.LoginPojo.getSearch(LoginPojo.java:40)
at org.utilities.LoginPojo.getSearch(LoginPojo.java:40)
at org.utilities.LoginPojo.getSearch(LoginPojo.java:40)
at org.utilities.LoginPojo.getSearch(LoginPojo.java:40)
at org.utilities.LoginPojo.getSearch(LoginPojo.java:40)
at org.utilities.LoginPojo.getSearch(LoginPojo.java:40)
at org.utilities.LoginPojo.getSearch(LoginPojo.java:40)
at org.utilities.LoginPojo.getSearch(LoginPojo.java:40)
at org.utilities.LoginPojo.getSearch(LoginPojo.java:40)
at org.utilities.LoginPojo.getSearch(LoginPojo.java:40)
at org.utilities.LoginPojo.getSearch(LoginPojo.java:40)
at org.utilities.LoginPojo.getSearch(LoginPojo.java:40)
at org.utilities.LoginPojo.getSearch(LoginPojo.java:40)
at org.utilities.LoginPojo.getSearch(LoginPojo.java:40)
at org.utilities.LoginPojo.getSearch(LoginPojo.java:40)
at org.utilities.LoginPojo.getSearch(LoginPojo.java:40)
at org.utilities.LoginPojo.getSearch(LoginPojo.java:40)
at org.utilities.LoginPojo.getSearch(LoginPojo.java:40)
at org.utilities.LoginPojo.getSearch(LoginPojo.java:40)
at org.utilities.LoginPojo.getSearch(LoginPojo.java:40)
at org.utilities.LoginPojo.getSearch(LoginPojo.java:40)
at org.utilities.LoginPojo.getSearch(LoginPojo.java:40)
at org.utilities.LoginPojo.getSearch(LoginPojo.java:40)
at org.utilities.LoginPojo.getSearch(LoginPojo.java:40)
at org.utilities.LoginPojo.getSearch(LoginPojo.java:40)
at org.utilities.LoginPojo.getSearch(LoginPojo.java:40)
at org.utilities.LoginPojo.getSearch(LoginPojo.java:40)
at org.utilities.LoginPojo.getSearch(LoginPojo.java:40)
at org.utilities.LoginPojo.getSearch(LoginPojo.java:40)
at org.utilities.LoginPojo.getSearch(LoginPojo.java:40)
at org.utilities.LoginPojo.getSearch(LoginPojo.java:40)
at org.utilities.LoginPojo.getSearch(LoginPojo.java:40)
at org.utilities.LoginPojo.getSearch(LoginPojo.java:40)
at org.utilities.LoginPojo.getSearch(LoginPojo.java:40)
at org.utilities.LoginPojo.getSearch(LoginPojo.java:40)
at org.utilities.LoginPojo.getSearch(LoginPojo.java:40)
at org.utilities.LoginPojo.getSearch(LoginPojo.java:40)
at org.utilities.LoginPojo.getSearch(LoginPojo.java:40)
at org.utilities.LoginPojo.getSearch(LoginPojo.java:40)
at org.utilities.LoginPojo.getSearch(LoginPojo.java:40)
at org.utilities.LoginPojo.getSearch(LoginPojo.java:40)
at org.utilities.LoginPojo.getSearch(LoginPojo.java:40)
at org.utilities.LoginPojo.getSearch(LoginPojo.java:40)
at org.utilities.LoginPojo.getSearch(LoginPojo.java:40)
at org.utilities.LoginPojo.getSearch(LoginPojo.java:40)
at org.utilities.LoginPojo.getSearch(LoginPojo.java:40)
at org.utilities.LoginPojo.getSearch(LoginPojo.java:40)
at org.utilities.LoginPojo.getSearch(LoginPojo.java:40)
at org.utilities.LoginPojo.getSearch(LoginPojo.java:40)
at org.utilities.LoginPojo.getSearch(LoginPojo.java:40)
at org.utilities.LoginPojo.getSearch(LoginPojo.java:40)
at org.utilities.LoginPojo.getSearch(LoginPojo.java:40)
at org.utilities.LoginPojo.getSearch(LoginPojo.java:40)
at org.utilities.LoginPojo.getSearch(LoginPojo.java:40)
at org.utilities.LoginPojo.getSearch(LoginPojo.java:40)
at org.utilities.LoginPojo.getSearch(LoginPojo.java:40)
at org.utilities.LoginPojo.getSearch(LoginPojo.java:40)
at org.utilities.LoginPojo.getSearch(LoginPojo.java:40)
at org.utilities.LoginPojo.getSearch(LoginPojo.java:40)
at org.utilities.LoginPojo.getSearch(LoginPojo.java:40)
at org.utilities.LoginPojo.getSearch(LoginPojo.java:40)
at org.utilities.LoginPojo.getSearch(LoginPojo.java:40)
at org.utilities.LoginPojo.getSearch(LoginPojo.java:40)
at org.utilities.LoginPojo.getSearch(LoginPojo.java:40)
at org.utilities.LoginPojo.getSearch(LoginPojo.java:40)
at org.utilities.LoginPojo.getSearch(LoginPojo.java:40)
at org.utilities.LoginPojo.getSearch(LoginPojo.java:40)
at org.utilities.LoginPojo.getSearch(LoginPojo.java:40)
at org.utilities.LoginPojo.getSearch(LoginPojo.java:40)
at org.utilities.LoginPojo.getSearch(LoginPojo.java:40)
at org.utilities.LoginPojo.getSearch(LoginPojo.java:40)
at org.utilities.LoginPojo.getSearch(LoginPojo.java:40)
at org.utilities.LoginPojo.getSearch(LoginPojo.java:40)
at org.utilities.LoginPojo.getSearch(LoginPojo.java:40)
at org.utilities.LoginPojo.getSearch(LoginPojo.java:40)
at org.utilities.LoginPojo.getSearch(LoginPojo.java:40)
at org.utilities.LoginPojo.getSearch(LoginPojo.java:40)
at org.utilities.LoginPojo.getSearch(LoginPojo.java:40)
at org.utilities.LoginPojo.getSearch(LoginPojo.java:40)
at org.utilities.LoginPojo.getSearch(LoginPojo.java:40)
at org.utilities.LoginPojo.getSearch(LoginPojo.java:40)
at org.utilities.LoginPojo.getSearch(LoginPojo.java:40)
at org.utilities.LoginPojo.getSearch(LoginPojo.java:40)
at org.utilities.LoginPojo.getSearch(LoginPojo.java:40)
at org.utilities.LoginPojo.getSearch(LoginPojo.java:40)
at org.utilities.LoginPojo.getSearch(LoginPojo.java:40)
at org.utilities.LoginPojo.getSearch(LoginPojo.java:40)
at org.utilities.LoginPojo.getSearch(LoginPojo.java:40)
at org.utilities.LoginPojo.getSearch(LoginPojo.java:40)
at org.utilities.LoginPojo.getSearch(LoginPojo.java:40)
at org.utilities.LoginPojo.getSearch(LoginPojo.java:40)
at org.utilities.LoginPojo.getSearch(LoginPojo.java:40)
at org.utilities.LoginPojo.getSearch(LoginPojo.java:40)
at org.utilities.LoginPojo.getSearch(LoginPojo.java:40)
at org.utilities.LoginPojo.getSearch(LoginPojo.java:40)
at org.utilities.LoginPojo.getSearch(LoginPojo.java:40)
at org.utilities.LoginPojo.getSearch(LoginPojo.java:40)
at org.utilities.LoginPojo.getSearch(LoginPojo.java:40)
at org.utilities.LoginPojo.getSearch(LoginPojo.java:40)
at org.utilities.LoginPojo.getSearch(LoginPojo.java:40)
at org.utilities.LoginPojo.getSearch(LoginPojo.java:40)
at org.utilities.LoginPojo.getSearch(LoginPojo.java:40)
at org.utilities.LoginPojo.getSearch(LoginPojo.java:40)
at org.utilities.LoginPojo.getSearch(LoginPojo.java:40)
at org.utilities.LoginPojo.getSearch(LoginPojo.java:40)
at org.utilities.LoginPojo.getSearch(LoginPojo.java:40)
at org.utilities.LoginPojo.getSearch(LoginPojo.java:40)
at org.utilities.LoginPojo.getSearch(LoginPojo.java:40)
at org.utilities.LoginPojo.getSearch(LoginPojo.java:40)
at org.utilities.LoginPojo.getSearch(LoginPojo.java:40)
at org.utilities.LoginPojo.getSearch(LoginPojo.java:40)
at org.utilities.LoginPojo.getSearch(LoginPojo.java:40)
at org.utilities.LoginPojo.getSearch(LoginPojo.java:40)
at org.utilities.LoginPojo.getSearch(LoginPojo.java:40)
at org.utilities.LoginPojo.getSearch(LoginPojo.java:40)
at org.utilities.LoginPojo.getSearch(LoginPojo.java:40)
at org.utilities.LoginPojo.getSearch(LoginPojo.java:40)
at org.utilities.LoginPojo.getSearch(LoginPojo.java:40)
at org.utilities.LoginPojo.getSearch(LoginPojo.java:40)
at org.utilities.LoginPojo.getSearch(LoginPojo.java:40)
at org.utilities.LoginPojo.getSearch(LoginPojo.java:40)
at org.utilities.LoginPojo.getSearch(LoginPojo.java:40)
at org.utilities.LoginPojo.getSearch(LoginPojo.java:40)
at org.utilities.LoginPojo.getSearch(LoginPojo.java:40)
at org.utilities.LoginPojo.getSearch(LoginPojo.java:40)
at org.utilities.LoginPojo.getSearch(LoginPojo.java:40)
at org.utilities.LoginPojo.getSearch(LoginPojo.java:40)
at org.utilities.LoginPojo.getSearch(LoginPojo.java:40)
at org.utilities.LoginPojo.getSearch(LoginPojo.java:40)
at org.utilities.LoginPojo.getSearch(LoginPojo.java:40)
at org.utilities.LoginPojo.getSearch(LoginPojo.java:40)
at org.utilities.LoginPojo.getSearch(LoginPojo.java:40)
at org.utilities.LoginPojo.getSearch(LoginPojo.java:40)
at org.utilities.LoginPojo.getSearch(LoginPojo.java:40)
at org.utilities.LoginPojo.getSearch(LoginPojo.java:40)
at org.utilities.LoginPojo.getSearch(LoginPojo.java:40)
at org.utilities.LoginPojo.getSearch(LoginPojo.java:40)
at org.utilities.LoginPojo.getSearch(LoginPojo.java:40)
at org.utilities.LoginPojo.getSearch(LoginPojo.java:40)
at org.utilities.LoginPojo.getSearch(LoginPojo.java:40)
at org.utilities.LoginPojo.getSearch(LoginPojo.java:40)
at org.utilities.LoginPojo.getSearch(LoginPojo.java:40)
at org.utilities.LoginPojo.getSearch(LoginPojo.java:40)
at org.utilities.LoginPojo.getSearch(LoginPojo.java:40)
at org.utilities.LoginPojo.getSearch(LoginPojo.java:40)
at org.utilities.LoginPojo.getSearch(LoginPojo.java:40)
at org.utilities.LoginPojo.getSearch(LoginPojo.java:40)
at org.utilities.LoginPojo.getSearch(LoginPojo.java:40)
at org.utilities.LoginPojo.getSearch(LoginPojo.java:40)
at org.utilities.LoginPojo.getSearch(LoginPojo.java:40)
at org.utilities.LoginPojo.getSearch(LoginPojo.java:40)
at org.utilities.LoginPojo.getSearch(LoginPojo.java:40)
at org.utilities.LoginPojo.getSearch(LoginPojo.java:40)
at org.utilities.LoginPojo.getSearch(LoginPojo.java:40)
at org.utilities.LoginPojo.getSearch(LoginPojo.java:40)
at org.utilities.LoginPojo.getSearch(LoginPojo.java:40)
at org.utilities.LoginPojo.getSearch(LoginPojo.java:40)
at org.utilities.LoginPojo.getSearch(LoginPojo.java:40)
at org.utilities.LoginPojo.getSearch(LoginPojo.java:40)
at org.utilities.LoginPojo.getSearch(LoginPojo.java:40)
at org.utilities.LoginPojo.getSearch(LoginPojo.java:40)
at org.utilities.LoginPojo.getSearch(LoginPojo.java:40)
at org.utilities.LoginPojo.getSearch(LoginPojo.java:40)
at org.utilities.LoginPojo.getSearch(LoginPojo.java:40)
at org.utilities.LoginPojo.getSearch(LoginPojo.java:40)
at org.utilities.LoginPojo.getSearch(LoginPojo.java:40)
at org.utilities.LoginPojo.getSearch(LoginPojo.java:40)
at org.utilities.LoginPojo.getSearch(LoginPojo.java:40)
at org.utilities.LoginPojo.getSearch(LoginPojo.java:40)
at org.utilities.LoginPojo.getSearch(LoginPojo.java:40)
at org.utilities.LoginPojo.getSearch(LoginPojo.java:40)
at org.utilities.LoginPojo.getSearch(LoginPojo.java:40)
at org.utilities.LoginPojo.getSearch(LoginPojo.java:40)
at org.utilities.LoginPojo.getSearch(LoginPojo.java:40)
at org.utilities.LoginPojo.getSearch(LoginPojo.java:40)
at org.utilities.LoginPojo.getSearch(LoginPojo.java:40)
at org.utilities.LoginPojo.getSearch(LoginPojo.java:40)
at org.utilities.LoginPojo.getSearch(LoginPojo.java:40)
at org.utilities.LoginPojo.getSearch(LoginPojo.java:40)
at org.utilities.LoginPojo.getSearch(LoginPojo.java:40)
at org.utilities.LoginPojo.getSearch(LoginPojo.java:40)
at org.utilities.LoginPojo.getSearch(LoginPojo.java:40)
at org.utilities.LoginPojo.getSearch(LoginPojo.java:40)
at org.utilities.LoginPojo.getSearch(LoginPojo.java:40)
at org.utilities.LoginPojo.getSearch(LoginPojo.java:40)
at org.utilities.LoginPojo.getSearch(LoginPojo.java:40)
at org.utilities.LoginPojo.getSearch(LoginPojo.java:40)
at org.utilities.LoginPojo.getSearch(LoginPojo.java:40)
at org.utilities.LoginPojo.getSearch(LoginPojo.java:40)
at org.utilities.LoginPojo.getSearch(LoginPojo.java:40)
at org.utilities.LoginPojo.getSearch(LoginPojo.java:40)
at org.utilities.LoginPojo.getSearch(LoginPojo.java:40)
at org.utilities.LoginPojo.getSearch(LoginPojo.java:40)
at org.utilities.LoginPojo.getSearch(LoginPojo.java:40)
at org.utilities.LoginPojo.getSearch(LoginPojo.java:40)
at org.utilities.LoginPojo.getSearch(LoginPojo.java:40)
at org.utilities.LoginPojo.getSearch(LoginPojo.java:40)
at org.utilities.LoginPojo.getSearch(LoginPojo.java:40)
at org.utilities.LoginPojo.getSearch(LoginPojo.java:40)
at org.utilities.LoginPojo.getSearch(LoginPojo.java:40)
at org.utilities.LoginPojo.getSearch(LoginPojo.java:40)
at org.utilities.LoginPojo.getSearch(LoginPojo.java:40)
at org.utilities.LoginPojo.getSearch(LoginPojo.java:40)
at org.utilities.LoginPojo.getSearch(LoginPojo.java:40)
at org.utilities.LoginPojo.getSearch(LoginPojo.java:40)
at org.utilities.LoginPojo.getSearch(LoginPojo.java:40)
at org.utilities.LoginPojo.getSearch(LoginPojo.java:40)
at org.utilities.LoginPojo.getSearch(LoginPojo.java:40)
at org.utilities.LoginPojo.getSearch(LoginPojo.java:40)
at org.utilities.LoginPojo.getSearch(LoginPojo.java:40)
at org.utilities.LoginPojo.getSearch(LoginPojo.java:40)
at org.utilities.LoginPojo.getSearch(LoginPojo.java:40)
at org.utilities.LoginPojo.getSearch(LoginPojo.java:40)
at org.utilities.LoginPojo.getSearch(LoginPojo.java:40)
at org.utilities.LoginPojo.getSearch(LoginPojo.java:40)
at org.utilities.LoginPojo.getSearch(LoginPojo.java:40)
at org.utilities.LoginPojo.getSearch(LoginPojo.java:40)
at org.utilities.LoginPojo.getSearch(LoginPojo.java:40)
at org.utilities.LoginPojo.getSearch(LoginPojo.java:40)
at org.utilities.LoginPojo.getSearch(LoginPojo.java:40)
at org.utilities.LoginPojo.getSearch(LoginPojo.java:40)
at org.utilities.LoginPojo.getSearch(LoginPojo.java:40)
at org.utilities.LoginPojo.getSearch(LoginPojo.java:40)
at org.utilities.LoginPojo.getSearch(LoginPojo.java:40)
at org.utilities.LoginPojo.getSearch(LoginPojo.java:40)
at org.utilities.LoginPojo.getSearch(LoginPojo.java:40)
at org.utilities.LoginPojo.getSearch(LoginPojo.java:40)
at org.utilities.LoginPojo.getSearch(LoginPojo.java:40)
at org.utilities.LoginPojo.getSearch(LoginPojo.java:40)
at org.utilities.LoginPojo.getSearch(LoginPojo.java:40)
at org.utilities.LoginPojo.getSearch(LoginPojo.java:40)
at org.utilities.LoginPojo.getSearch(LoginPojo.java:40)
at org.utilities.LoginPojo.getSearch(LoginPojo.java:40)
at org.utilities.LoginPojo.getSearch(LoginPojo.java:40)
at org.utilities.LoginPojo.getSearch(LoginPojo.java:40)
at org.utilities.LoginPojo.getSearch(LoginPojo.java:40)
at org.utilities.LoginPojo.getSearch(LoginPojo.java:40)
at org.utilities.LoginPojo.getSearch(LoginPojo.java:40)
at org.utilities.LoginPojo.getSearch(LoginPojo.java:40)
at org.utilities.LoginPojo.getSearch(LoginPojo.java:40)
at org.utilities.LoginPojo.getSearch(LoginPojo.java:40)
at org.utilities.LoginPojo.getSearch(LoginPojo.java:40)
at org.utilities.LoginPojo.getSearch(LoginPojo.java:40)
at org.utilities.LoginPojo.getSearch(LoginPojo.java:40)
at org.utilities.LoginPojo.getSearch(LoginPojo.java:40)
at org.utilities.LoginPojo.getSearch(LoginPojo.java:40)
at org.utilities.LoginPojo.getSearch(LoginPojo.java:40)
at org.utilities.LoginPojo.getSearch(LoginPojo.java:40)
at org.utilities.LoginPojo.getSearch(LoginPojo.java:40)
at org.utilities.LoginPojo.getSearch(LoginPojo.java:40)
at org.utilities.LoginPojo.getSearch(LoginPojo.java:40)
at org.utilities.LoginPojo.getSearch(LoginPojo.java:40)
at org.utilities.LoginPojo.getSearch(LoginPojo.java:40)
at org.utilities.LoginPojo.getSearch(LoginPojo.java:40)
at org.utilities.LoginPojo.getSearch(LoginPojo.java:40)
at org.utilities.LoginPojo.getSearch(LoginPojo.java:40)
at org.utilities.LoginPojo.getSearch(LoginPojo.java:40)
at org.utilities.LoginPojo.getSearch(LoginPojo.java:40)
at org.utilities.LoginPojo.getSearch(LoginPojo.java:40)
at org.utilities.LoginPojo.getSearch(LoginPojo.java:40)
at org.utilities.LoginPojo.getSearch(LoginPojo.java:40)
at org.utilities.LoginPojo.getSearch(LoginPojo.java:40)
at org.utilities.LoginPojo.getSearch(LoginPojo.java:40)
at org.utilities.LoginPojo.getSearch(LoginPojo.java:40)
at org.utilities.LoginPojo.getSearch(LoginPojo.java:40)
at org.utilities.LoginPojo.getSearch(LoginPojo.java:40)
at org.utilities.LoginPojo.getSearch(LoginPojo.java:40)
at org.utilities.LoginPojo.getSearch(LoginPojo.java:40)
at org.utilities.LoginPojo.getSearch(LoginPojo.java:40)
at org.utilities.LoginPojo.getSearch(LoginPojo.java:40)
at org.utilities.LoginPojo.getSearch(LoginPojo.java:40)
at org.utilities.LoginPojo.getSearch(LoginPojo.java:40)
at org.utilities.LoginPojo.getSearch(LoginPojo.java:40)
at org.utilities.LoginPojo.getSearch(LoginPojo.java:40)
at org.utilities.LoginPojo.getSearch(LoginPojo.java:40)
at org.utilities.LoginPojo.getSearch(LoginPojo.java:40)
at org.utilities.LoginPojo.getSearch(LoginPojo.java:40)
at org.utilities.LoginPojo.getSearch(LoginPojo.java:40)
at org.utilities.LoginPojo.getSearch(LoginPojo.java:40)
at org.utilities.LoginPojo.getSearch(LoginPojo.java:40)
at org.utilities.LoginPojo.getSearch(LoginPojo.java:40)
at org.utilities.LoginPojo.getSearch(LoginPojo.java:40)
at org.utilities.LoginPojo.getSearch(LoginPojo.java:40)
at org.utilities.LoginPojo.getSearch(LoginPojo.java:40)
at org.utilities.LoginPojo.getSearch(LoginPojo.java:40)
at org.utilities.LoginPojo.getSearch(LoginPojo.java:40)
at org.utilities.LoginPojo.getSearch(LoginPojo.java:40)
at org.utilities.LoginPojo.getSearch(LoginPojo.java:40)
at org.utilities.LoginPojo.getSearch(LoginPojo.java:40)
at org.utilities.LoginPojo.getSearch(LoginPojo.java:40)
at org.utilities.LoginPojo.getSearch(LoginPojo.java:40)
at org.utilities.LoginPojo.getSearch(LoginPojo.java:40)
at org.utilities.LoginPojo.getSearch(LoginPojo.java:40)
at org.utilities.LoginPojo.getSearch(LoginPojo.java:40)
at org.utilities.LoginPojo.getSearch(LoginPojo.java:40)
at org.utilities.LoginPojo.getSearch(LoginPojo.java:40)
at org.utilities.LoginPojo.getSearch(LoginPojo.java:40)
at org.utilities.LoginPojo.getSearch(LoginPojo.java:40)
at org.utilities.LoginPojo.getSearch(LoginPojo.java:40)
at org.utilities.LoginPojo.getSearch(LoginPojo.java:40)
at org.utilities.LoginPojo.getSearch(LoginPojo.java:40)
at org.utilities.LoginPojo.getSearch(LoginPojo.java:40)
at org.utilities.LoginPojo.getSearch(LoginPojo.java:40)
at org.utilities.LoginPojo.getSearch(LoginPojo.java:40)
at org.utilities.LoginPojo.getSearch(LoginPojo.java:40)
at org.utilities.LoginPojo.getSearch(LoginPojo.java:40)
at org.utilities.LoginPojo.getSearch(LoginPojo.java:40)
at org.utilities.LoginPojo.getSearch(LoginPojo.java:40)
at org.utilities.LoginPojo.getSearch(LoginPojo.java:40)
at org.utilities.LoginPojo.getSearch(LoginPojo.java:40)
at org.utilities.LoginPojo.getSearch(LoginPojo.java:40)
at org.utilities.LoginPojo.getSearch(LoginPojo.java:40)
at org.utilities.LoginPojo.getSearch(LoginPojo.java:40)
[...]
at org.utilities.LoginPojo.getSearch(LoginPojo.java:40)
at org.utilities.LoginPojo.getSearch(LoginPojo.java:40)
at org.utilities.LoginPojo.getSearch(LoginPojo.java:40)
at org.utilities.LoginPojo.getSearch(LoginPojo.java:40)
at org.utilities.LoginPojo.getSearch(LoginPojo.java:40)
at org.utilities.LoginPojo.getSearch(LoginPojo.java:40)
at org.utilities.LoginPojo.getSearch(LoginPojo.java:40)
at org.utilities.LoginPojo.getSearch(LoginPojo.java:40)
at org.utilities.LoginPojo.getSearch(LoginPojo.java:40)
at org.utilities.LoginPojo.getSearch(LoginPojo.java:40)
at org.utilities.LoginPojo.getSearch(LoginPojo.java:40)
at org.utilities.LoginPojo.getSearch(LoginPojo.java:40)
at org.utilities.LoginPojo.getSearch(LoginPojo.java:40)
at org.utilities.LoginPojo.getSearch(LoginPojo.java:40)
at org.utilities.LoginPojo.getSearch(LoginPojo.java:40)
at org.utilities.LoginPojo.getSearch(LoginPojo.java:40)
at org.utilities.LoginPojo.getSearch(LoginPojo.java:40)
at org.utilities.LoginPojo.getSearch(LoginPojo.java:40)
at org.utilities.LoginPojo.getSearch(LoginPojo.java:40)
at org.utilities.LoginPojo.getSearch(LoginPojo.java:40)
at org.utilities.LoginPojo.getSearch(LoginPojo.java:40)
at org.utilities.LoginPojo.getSearch(LoginPojo.java:40)
at org.utilities.LoginPojo.getSearch(LoginPojo.java:40)
at org.utilities.LoginPojo.getSearch(LoginPojo.java:40)
at org.utilities.LoginPojo.getSearch(LoginPojo.java:40)
at org.utilities.LoginPojo.getSearch(LoginPojo.java:40)
at org.utilities.LoginPojo.getSearch(LoginPojo.java:40)
at org.utilities.LoginPojo.getSearch(LoginPojo.java:40)
at org.utilities.LoginPojo.getSearch(LoginPojo.java:40)
at org.utilities.LoginPojo.getSearch(LoginPojo.java:40)
at org.utilities.LoginPojo.getSearch(LoginPojo.java:40)
at org.utilities.LoginPojo.getSearch(LoginPojo.java:40)
at org.utilities.LoginPojo.getSearch(LoginPojo.java:40)
at org.utilities.LoginPojo.getSearch(LoginPojo.java:40)
at org.utilities.LoginPojo.getSearch(LoginPojo.java:40)
at org.utilities.LoginPojo.getSearch(LoginPojo.java:40)
at org.utilities.LoginPojo.getSearch(LoginPojo.java:40)
at org.utilities.LoginPojo.getSearch(LoginPojo.java:40)
at org.utilities.LoginPojo.getSearch(LoginPojo.java:40)
at org.utilities.LoginPojo.getSearch(LoginPojo.java:40)
at org.utilities.LoginPojo.getSearch(LoginPojo.java:40)
at org.utilities.LoginPojo.getSearch(LoginPojo.java:40)
at org.utilities.LoginPojo.getSearch(LoginPojo.java:40)
at org.utilities.LoginPojo.getSearch(LoginPojo.java:40)
at org.utilities.LoginPojo.getSearch(LoginPojo.java:40)
at org.utilities.LoginPojo.getSearch(LoginPojo.java:40)
at org.utilities.LoginPojo.getSearch(LoginPojo.java:40)
at org.utilities.LoginPojo.getSearch(LoginPojo.java:40)
at org.utilities.LoginPojo.getSearch(LoginPojo.java:40)
at org.utilities.LoginPojo.getSearch(LoginPojo.java:40)
at org.utilities.LoginPojo.getSearch(LoginPojo.java:40)
at org.utilities.LoginPojo.getSearch(LoginPojo.java:40)
at org.utilities.LoginPojo.getSearch(LoginPojo.java:40)
at org.utilities.LoginPojo.getSearch(LoginPojo.java:40)
at org.utilities.LoginPojo.getSearch(LoginPojo.java:40)
at org.utilities.LoginPojo.getSearch(LoginPojo.java:40)
at org.utilities.LoginPojo.getSearch(LoginPojo.java:40)
at org.utilities.LoginPojo.getSearch(LoginPojo.java:40)
at org.utilities.LoginPojo.getSearch(LoginPojo.java:40)
at org.utilities.LoginPojo.getSearch(LoginPojo.java:40)
at org.utilities.LoginPojo.getSearch(LoginPojo.java:40)
at org.utilities.LoginPojo.getSearch(LoginPojo.java:40)
at org.utilities.LoginPojo.getSearch(LoginPojo.java:40)
at org.utilities.LoginPojo.getSearch(LoginPojo.java:40)
at org.utilities.LoginPojo.getSearch(LoginPojo.java:40)
at org.utilities.LoginPojo.getSearch(LoginPojo.java:40)
at org.utilities.LoginPojo.getSearch(LoginPojo.java:40)
at org.utilities.LoginPojo.getSearch(LoginPojo.java:40)
at org.utilities.LoginPojo.getSearch(LoginPojo.java:40)
at org.utilities.LoginPojo.getSearch(LoginPojo.java:40)
at org.utilities.LoginPojo.getSearch(LoginPojo.java:40)
at org.utilities.LoginPojo.getSearch(LoginPojo.java:40)
at org.utilities.LoginPojo.getSearch(LoginPojo.java:40)
at org.utilities.LoginPojo.getSearch(LoginPojo.java:40)
at org.utilities.LoginPojo.getSearch(LoginPojo.java:40)
at org.utilities.LoginPojo.getSearch(LoginPojo.java:40)
at org.utilities.LoginPojo.getSearch(LoginPojo.java:40)
at org.utilities.LoginPojo.getSearch(LoginPojo.java:40)
at org.utilities.LoginPojo.getSearch(LoginPojo.java:40)
at org.utilities.LoginPojo.getSearch(LoginPojo.java:40)
at org.utilities.LoginPojo.getSearch(LoginPojo.java:40)
at org.utilities.LoginPojo.getSearch(LoginPojo.java:40)
at org.utilities.LoginPojo.getSearch(LoginPojo.java:40)
at org.utilities.LoginPojo.getSearch(LoginPojo.java:40)
at org.utilities.LoginPojo.getSearch(LoginPojo.java:40)
at org.utilities.LoginPojo.getSearch(LoginPojo.java:40)
at org.utilities.LoginPojo.getSearch(LoginPojo.java:40)
at org.utilities.LoginPojo.getSearch(LoginPojo.java:40)
at org.utilities.LoginPojo.getSearch(LoginPojo.java:40)
at org.utilities.LoginPojo.getSearch(LoginPojo.java:40)
at org.utilities.LoginPojo.getSearch(LoginPojo.java:40)
at org.utilities.LoginPojo.getSearch(LoginPojo.java:40)
at org.utilities.LoginPojo.getSearch(LoginPojo.java:40)
at org.utilities.LoginPojo.getSearch(LoginPojo.java:40)
at org.utilities.LoginPojo.getSearch(LoginPojo.java:40)
at org.utilities.LoginPojo.getSearch(LoginPojo.java:40)
at org.utilities.LoginPojo.getSearch(LoginPojo.java:40)
at org.utilities.LoginPojo.getSearch(LoginPojo.java:40)
at org.utilities.LoginPojo.getSearch(LoginPojo.java:40)
at org.utilities.LoginPojo.getSearch(LoginPojo.java:40)
at org.utilities.LoginPojo.getSearch(LoginPojo.java:40)
at org.utilities.LoginPojo.getSearch(LoginPojo.java:40)
at org.utilities.LoginPojo.getSearch(LoginPojo.java:40)
at org.utilities.LoginPojo.getSearch(LoginPojo.java:40)
at org.utilities.LoginPojo.getSearch(LoginPojo.java:40)
at org.utilities.LoginPojo.getSearch(LoginPojo.java:40)
at org.utilities.LoginPojo.getSearch(LoginPojo.java:40)
at org.utilities.LoginPojo.getSearch(LoginPojo.java:40)
at org.utilities.LoginPojo.getSearch(LoginPojo.java:40)
at org.utilities.LoginPojo.getSearch(LoginPojo.java:40)
at org.utilities.LoginPojo.getSearch(LoginPojo.java:40)
at org.utilities.LoginPojo.getSearch(LoginPojo.java:40)
at org.utilities.LoginPojo.getSearch(LoginPojo.java:40)
at org.utilities.LoginPojo.getSearch(LoginPojo.java:40)
at org.utilities.LoginPojo.getSearch(LoginPojo.java:40)
at org.utilities.LoginPojo.getSearch(LoginPojo.java:40)
at org.utilities.LoginPojo.getSearch(LoginPojo.java:40)
at org.utilities.LoginPojo.getSearch(LoginPojo.java:40)
at org.utilities.LoginPojo.getSearch(LoginPojo.java:40)
at org.utilities.LoginPojo.getSearch(LoginPojo.java:40)
at org.utilities.LoginPojo.getSearch(LoginPojo.java:40)
at org.utilities.LoginPojo.getSearch(LoginPojo.java:40)
at org.utilities.LoginPojo.getSearch(LoginPojo.java:40)
at org.utilities.LoginPojo.getSearch(LoginPojo.java:40)
at org.utilities.LoginPojo.getSearch(LoginPojo.java:40)
at org.utilities.LoginPojo.getSearch(LoginPojo.java:40)
at org.utilities.LoginPojo.getSearch(LoginPojo.java:40)
at org.utilities.LoginPojo.getSearch(LoginPojo.java:40)
at org.utilities.LoginPojo.getSearch(LoginPojo.java:40)
at org.utilities.LoginPojo.getSearch(LoginPojo.java:40)
at org.utilities.LoginPojo.getSearch(LoginPojo.java:40)
at org.utilities.LoginPojo.getSearch(LoginPojo.java:40)
at org.utilities.LoginPojo.getSearch(LoginPojo.java:40)
at org.utilities.LoginPojo.getSearch(LoginPojo.java:40)
at org.utilities.LoginPojo.getSearch(LoginPojo.java:40)
at org.utilities.LoginPojo.getSearch(LoginPojo.java:40)
at org.utilities.LoginPojo.getSearch(LoginPojo.java:40)
at org.utilities.LoginPojo.getSearch(LoginPojo.java:40)
at org.utilities.LoginPojo.getSearch(LoginPojo.java:40)
at org.utilities.LoginPojo.getSearch(LoginPojo.java:40)
at org.utilities.LoginPojo.getSearch(LoginPojo.java:40)
at org.utilities.LoginPojo.getSearch(LoginPojo.java:40)
at org.utilities.LoginPojo.getSearch(LoginPojo.java:40)
at org.utilities.LoginPojo.getSearch(LoginPojo.java:40)
at org.utilities.LoginPojo.getSearch(LoginPojo.java:40)
at org.utilities.LoginPojo.getSearch(LoginPojo.java:40)
at org.utilities.LoginPojo.getSearch(LoginPojo.java:40)
at org.utilities.LoginPojo.getSearch(LoginPojo.java:40)
at org.utilities.LoginPojo.getSearch(LoginPojo.java:40)
at org.utilities.LoginPojo.getSearch(LoginPojo.java:40)
at org.utilities.LoginPojo.getSearch(LoginPojo.java:40)
at org.utilities.LoginPojo.getSearch(LoginPojo.java:40)
at org.utilities.LoginPojo.getSearch(LoginPojo.java:40)
at org.utilities.LoginPojo.getSearch(LoginPojo.java:40)
at org.utilities.LoginPojo.getSearch(LoginPojo.java:40)
at org.utilities.LoginPojo.getSearch(LoginPojo.java:40)
at org.utilities.LoginPojo.getSearch(LoginPojo.java:40)
at org.utilities.LoginPojo.getSearch(LoginPojo.java:40)
at org.utilities.LoginPojo.getSearch(LoginPojo.java:40)
at org.utilities.LoginPojo.getSearch(LoginPojo.java:40)
at org.utilities.LoginPojo.getSearch(LoginPojo.java:40)
at org.utilities.LoginPojo.getSearch(LoginPojo.java:40)
at org.utilities.LoginPojo.getSearch(LoginPojo.java:40)
at org.utilities.LoginPojo.getSearch(LoginPojo.java:40)
at org.utilities.LoginPojo.getSearch(LoginPojo.java:40)
at org.utilities.LoginPojo.getSearch(LoginPojo.java:40)
at org.utilities.LoginPojo.getSearch(LoginPojo.java:40)
at org.utilities.LoginPojo.getSearch(LoginPojo.java:40)
at org.utilities.LoginPojo.getSearch(LoginPojo.java:40)
at org.utilities.LoginPojo.getSearch(LoginPojo.java:40)
at org.utilities.LoginPojo.getSearch(LoginPojo.java:40)
at org.utilities.LoginPojo.getSearch(LoginPojo.java:40)
at org.utilities.LoginPojo.getSearch(LoginPojo.java:40)
at org.utilities.LoginPojo.getSearch(LoginPojo.java:40)
at org.utilities.LoginPojo.getSearch(LoginPojo.java:40)
at org.utilities.LoginPojo.getSearch(LoginPojo.java:40)
at org.utilities.LoginPojo.getSearch(LoginPojo.java:40)
at org.utilities.LoginPojo.getSearch(LoginPojo.java:40)
at org.utilities.LoginPojo.getSearch(LoginPojo.java:40)
at org.utilities.LoginPojo.getSearch(LoginPojo.java:40)
at org.utilities.LoginPojo.getSearch(LoginPojo.java:40)
at org.utilities.LoginPojo.getSearch(LoginPojo.java:40)
at org.utilities.LoginPojo.getSearch(LoginPojo.java:40)
at org.utilities.LoginPojo.getSearch(LoginPojo.java:40)
at org.utilities.LoginPojo.getSearch(LoginPojo.java:40)
at org.utilities.LoginPojo.getSearch(LoginPojo.java:40)
at org.utilities.LoginPojo.getSearch(LoginPojo.java:40)
at org.utilities.LoginPojo.getSearch(LoginPojo.java:40)
at org.utilities.LoginPojo.getSearch(LoginPojo.java:40)
at org.utilities.LoginPojo.getSearch(LoginPojo.java:40)
at org.utilities.LoginPojo.getSearch(LoginPojo.java:40)
at org.utilities.LoginPojo.getSearch(LoginPojo.java:40)
at org.utilities.LoginPojo.getSearch(LoginPojo.java:40)
at org.utilities.LoginPojo.getSearch(LoginPojo.java:40)
at org.utilities.LoginPojo.getSearch(LoginPojo.java:40)
at org.utilities.LoginPojo.getSearch(LoginPojo.java:40)
at org.utilities.LoginPojo.getSearch(LoginPojo.java:40)
at org.utilities.LoginPojo.getSearch(LoginPojo.java:40)
at org.utilities.LoginPojo.getSearch(LoginPojo.java:40)
at org.utilities.LoginPojo.getSearch(LoginPojo.java:40)
at org.utilities.LoginPojo.getSearch(LoginPojo.java:40)
at org.utilities.LoginPojo.getSearch(LoginPojo.java:40)
at org.utilities.LoginPojo.getSearch(LoginPojo.java:40)
at org.utilities.LoginPojo.getSearch(LoginPojo.java:40)
at org.utilities.LoginPojo.getSearch(LoginPojo.java:40)
at org.utilities.LoginPojo.getSearch(LoginPojo.java:40)
at org.utilities.LoginPojo.getSearch(LoginPojo.java:40)
at org.utilities.LoginPojo.getSearch(LoginPojo.java:40)
at org.utilities.LoginPojo.getSearch(LoginPojo.java:40)
at org.utilities.LoginPojo.getSearch(LoginPojo.java:40)
at org.utilities.LoginPojo.getSearch(LoginPojo.java:40)
at org.utilities.LoginPojo.getSearch(LoginPojo.java:40)
at org.utilities.LoginPojo.getSearch(LoginPojo.java:40)
at org.utilities.LoginPojo.getSearch(LoginPojo.java:40)
at org.utilities.LoginPojo.getSearch(LoginPojo.java:40)
at org.utilities.LoginPojo.getSearch(LoginPojo.java:40)
at org.utilities.LoginPojo.getSearch(LoginPojo.java:40)
at org.utilities.LoginPojo.getSearch(LoginPojo.java:40)
at org.utilities.LoginPojo.getSearch(LoginPojo.java:40)
at org.utilities.LoginPojo.getSearch(LoginPojo.java:40)
at org.utilities.LoginPojo.getSearch(LoginPojo.java:40)
at org.utilities.LoginPojo.getSearch(LoginPojo.java:40)
at org.utilities.LoginPojo.getSearch(LoginPojo.java:40)
at org.utilities.LoginPojo.getSearch(LoginPojo.java:40)
at org.utilities.LoginPojo.getSearch(LoginPojo.java:40)
at org.utilities.LoginPojo.getSearch(LoginPojo.java:40)
at org.utilities.LoginPojo.getSearch(LoginPojo.java:40)
at org.utilities.LoginPojo.getSearch(LoginPojo.java:40)
at org.utilities.LoginPojo.getSearch(LoginPojo.java:40)
at org.utilities.LoginPojo.getSearch(LoginPojo.java:40)
at org.utilities.LoginPojo.getSearch(LoginPojo.java:40)
at org.utilities.LoginPojo.getSearch(LoginPojo.java:40)
at org.utilities.LoginPojo.getSearch(LoginPojo.java:40)
at org.utilities.LoginPojo.getSearch(LoginPojo.java:40)
at org.utilities.LoginPojo.getSearch(LoginPojo.java:40)
at org.utilities.LoginPojo.getSearch(LoginPojo.java:40)
at org.utilities.LoginPojo.getSearch(LoginPojo.java:40)
at org.utilities.LoginPojo.getSearch(LoginPojo.java:40)
at org.utilities.LoginPojo.getSearch(LoginPojo.java:40)
at org.utilities.LoginPojo.getSearch(LoginPojo.java:40)
at org.utilities.LoginPojo.getSearch(LoginPojo.java:40)
at org.utilities.LoginPojo.getSearch(LoginPojo.java:40)
at org.utilities.LoginPojo.getSearch(LoginPojo.java:40)
at org.utilities.LoginPojo.getSearch(LoginPojo.java:40)
at org.utilities.LoginPojo.getSearch(LoginPojo.java:40)
at org.utilities.LoginPojo.getSearch(LoginPojo.java:40)
at org.utilities.LoginPojo.getSearch(LoginPojo.java:40)
at org.utilities.LoginPojo.getSearch(LoginPojo.java:40)
at org.utilities.LoginPojo.getSearch(LoginPojo.java:40)
at org.utilities.LoginPojo.getSearch(LoginPojo.java:40)
at org.utilities.LoginPojo.getSearch(LoginPojo.java:40)
at org.utilities.LoginPojo.getSearch(LoginPojo.java:40)
at org.utilities.LoginPojo.getSearch(LoginPojo.java:40)
at org.utilities.LoginPojo.getSearch(LoginPojo.java:40)
at org.utilities.LoginPojo.getSearch(LoginPojo.java:40)
at org.utilities.LoginPojo.getSearch(LoginPojo.java:40)
at org.utilities.LoginPojo.getSearch(LoginPojo.java:40)
at org.utilities.LoginPojo.getSearch(LoginPojo.java:40)
at org.utilities.LoginPojo.getSearch(LoginPojo.java:40)
at org.utilities.LoginPojo.getSearch(LoginPojo.java:40)
at org.utilities.LoginPojo.getSearch(LoginPojo.java:40)
at org.utilities.LoginPojo.getSearch(LoginPojo.java:40)
at org.utilities.LoginPojo.getSearch(LoginPojo.java:40)
at org.utilities.LoginPojo.getSearch(LoginPojo.java:40)
at org.utilities.LoginPojo.getSearch(LoginPojo.java:40)
at org.utilities.LoginPojo.getSearch(LoginPojo.java:40)
at org.utilities.LoginPojo.getSearch(LoginPojo.java:40)
at org.utilities.LoginPojo.getSearch(LoginPojo.java:40)
at org.utilities.LoginPojo.getSearch(LoginPojo.java:40)
at org.utilities.LoginPojo.getSearch(LoginPojo.java:40)
at org.utilities.LoginPojo.getSearch(LoginPojo.java:40)
at org.utilities.LoginPojo.getSearch(LoginPojo.java:40)
at org.utilities.LoginPojo.getSearch(LoginPojo.java:40)
at org.utilities.LoginPojo.getSearch(LoginPojo.java:40)
at org.utilities.LoginPojo.getSearch(LoginPojo.java:40)
at org.utilities.LoginPojo.getSearch(LoginPojo.java:40)
at org.utilities.LoginPojo.getSearch(LoginPojo.java:40)
at org.utilities.LoginPojo.getSearch(LoginPojo.java:40)
at org.utilities.LoginPojo.getSearch(LoginPojo.java:40)
at org.utilities.LoginPojo.getSearch(LoginPojo.java:40)
at org.utilities.LoginPojo.getSearch(LoginPojo.java:40)
at org.utilities.LoginPojo.getSearch(LoginPojo.java:40)
at org.utilities.LoginPojo.getSearch(LoginPojo.java:40)
at org.utilities.LoginPojo.getSearch(LoginPojo.java:40)
at org.utilities.LoginPojo.getSearch(LoginPojo.java:40)
at org.utilities.LoginPojo.getSearch(LoginPojo.java:40)
at org.utilities.LoginPojo.getSearch(LoginPojo.java:40)
at org.utilities.LoginPojo.getSearch(LoginPojo.java:40)
at org.utilities.LoginPojo.getSearch(LoginPojo.java:40)
at org.utilities.LoginPojo.getSearch(LoginPojo.java:40)
at org.utilities.LoginPojo.getSearch(LoginPojo.java:40)
at org.utilities.LoginPojo.getSearch(LoginPojo.java:40)
at org.utilities.LoginPojo.getSearch(LoginPojo.java:40)
at org.utilities.LoginPojo.getSearch(LoginPojo.java:40)
at org.utilities.LoginPojo.getSearch(LoginPojo.java:40)
at org.utilities.LoginPojo.getSearch(LoginPojo.java:40)
at org.utilities.LoginPojo.getSearch(LoginPojo.java:40)
at org.utilities.LoginPojo.getSearch(LoginPojo.java:40)
at org.utilities.LoginPojo.getSearch(LoginPojo.java:40)
at org.utilities.LoginPojo.getSearch(LoginPojo.java:40)
at org.utilities.LoginPojo.getSearch(LoginPojo.java:40)
at org.utilities.LoginPojo.getSearch(LoginPojo.java:40)
at org.utilities.LoginPojo.getSearch(LoginPojo.java:40)
at org.utilities.LoginPojo.getSearch(LoginPojo.java:40)
at org.utilities.LoginPojo.getSearch(LoginPojo.java:40)
at org.utilities.LoginPojo.getSearch(LoginPojo.java:40)
at org.utilities.LoginPojo.getSearch(LoginPojo.java:40)
at org.utilities.LoginPojo.getSearch(LoginPojo.java:40)
at org.utilities.LoginPojo.getSearch(LoginPojo.java:40)
at org.utilities.LoginPojo.getSearch(LoginPojo.java:40)
at org.utilities.LoginPojo.getSearch(LoginPojo.java:40)
at org.utilities.LoginPojo.getSearch(LoginPojo.java:40)
at org.utilities.LoginPojo.getSearch(LoginPojo.java:40)
at org.utilities.LoginPojo.getSearch(LoginPojo.java:40)
at org.utilities.LoginPojo.getSearch(LoginPojo.java:40)
at org.utilities.LoginPojo.getSearch(LoginPojo.java:40)
at org.utilities.LoginPojo.getSearch(LoginPojo.java:40)
at org.utilities.LoginPojo.getSearch(LoginPojo.java:40)
at org.utilities.LoginPojo.getSearch(LoginPojo.java:40)
at org.utilities.LoginPojo.getSearch(LoginPojo.java:40)
at org.utilities.LoginPojo.getSearch(LoginPojo.java:40)
at org.utilities.LoginPojo.getSearch(LoginPojo.java:40)
at org.utilities.LoginPojo.getSearch(LoginPojo.java:40)
at org.utilities.LoginPojo.getSearch(LoginPojo.java:40)
at org.utilities.LoginPojo.getSearch(LoginPojo.java:40)
at org.utilities.LoginPojo.getSearch(LoginPojo.java:40)
at org.utilities.LoginPojo.getSearch(LoginPojo.java:40)
at org.utilities.LoginPojo.getSearch(LoginPojo.java:40)
at org.utilities.LoginPojo.getSearch(LoginPojo.java:40)
at org.utilities.LoginPojo.getSearch(LoginPojo.java:40)
at org.utilities.LoginPojo.getSearch(LoginPojo.java:40)
at org.utilities.LoginPojo.getSearch(LoginPojo.java:40)
at org.utilities.LoginPojo.getSearch(LoginPojo.java:40)
at org.utilities.LoginPojo.getSearch(LoginPojo.java:40)
at org.utilities.LoginPojo.getSearch(LoginPojo.java:40)
at org.utilities.LoginPojo.getSearch(LoginPojo.java:40)
at org.utilities.LoginPojo.getSearch(LoginPojo.java:40)
at org.utilities.LoginPojo.getSearch(LoginPojo.java:40)
at org.utilities.LoginPojo.getSearch(LoginPojo.java:40)
at org.utilities.LoginPojo.getSearch(LoginPojo.java:40)
at org.utilities.LoginPojo.getSearch(LoginPojo.java:40)
at org.utilities.LoginPojo.getSearch(LoginPojo.java:40)
at org.utilities.LoginPojo.getSearch(LoginPojo.java:40)
at org.utilities.LoginPojo.getSearch(LoginPojo.java:40)
at org.utilities.LoginPojo.getSearch(LoginPojo.java:40)
at org.utilities.LoginPojo.getSearch(LoginPojo.java:40)
at org.utilities.LoginPojo.getSearch(LoginPojo.java:40)
at org.utilities.LoginPojo.getSearch(LoginPojo.java:40)
at org.utilities.LoginPojo.getSearch(LoginPojo.java:40)
at org.utilities.LoginPojo.getSearch(LoginPojo.java:40)
at org.utilities.LoginPojo.getSearch(LoginPojo.java:40)
at org.utilities.LoginPojo.getSearch(LoginPojo.java:40)
at org.utilities.LoginPojo.getSearch(LoginPojo.java:40)
]]>
    </error>
  </testcase> <!-- tc1 -->
  <system-out/>
  <testcase classname="testng.com.TestngAssert" name="tc2" time="2.151"/>
  <system-out/>
</testsuite> <!-- testng.com.TestngAssert -->
